<?xml version="1.0" encoding="utf-8"?>
<TestRun id="278f13b3-20c4-4ca7-a873-6fbb845fc0ec" name="BigBl@VADIM-PC 2026-04-25 15:40:34" runUser="VADIM-PC\BigBl" xmlns="http://microsoft.com/schemas/VisualStudio/TeamTest/2010">
  <Times creation="2026-04-25T15:40:34.8237279-07:00" queuing="2026-04-25T15:40:34.8237283-07:00" start="2026-04-25T15:40:30.4393281-07:00" finish="2026-04-25T15:40:51.7287398-07:00" />
  <TestSettings name="default" id="f7395c17-274e-4ccb-847d-3379986cacab">
    <Deployment runDeploymentRoot="BigBl_VADIM-PC_2026-04-25_15_40_34" />
  </TestSettings>
  <Results>
    <UnitTestResult executionId="950693ea-fa46-4854-af6e-2059fe0aa270" testId="06bfbfd6-5340-f1e6-0647-ef3181f1b227" testName="Startup_OnCleanDatabase_AppliesMigrations_AndCreatesInitialAdminWithinWindow" computerName="VADIM-PC" duration="00:00:02.6601450" startTime="2026-04-25T15:40:49.0063519-07:00" endTime="2026-04-25T15:40:51.6664964-07:00" testType="13cdc9d9-ddb5-4fa4-a97d-d965ccfc6d4b" outcome="Failed" testListId="8c84fa94-04c1-424b-9868-57a2d4851a1d" relativeResultsDirectory="950693ea-fa46-4854-af6e-2059fe0aa270">
      <Output>
        <StdOut>warn: Microsoft.AspNetCore.StaticFiles.StaticFileMiddleware[16]&#xD;
      The WebRootPath was not found: X:\Github\cotton\src\Cotton.Server\wwwroot. Static files may be unavailable.&#xD;
warn: Microsoft.AspNetCore.StaticFiles.StaticFileMiddleware[16]&#xD;
      The WebRootPath was not found: X:\Github\cotton\src\Cotton.Server\wwwroot. Static files may be unavailable.&#xD;
fail: Microsoft.EntityFrameworkCore.Database.Command[20102]&#xD;
      Failed executing DbCommand (0ms) [Parameters=[], CommandType='Text', CommandTimeout='60']&#xD;
      SELECT "MigrationId", "ProductVersion"&#xD;
      FROM "__EFMigrationsHistory"&#xD;
      ORDER BY "MigrationId";&#xD;
info: Microsoft.EntityFrameworkCore.DbContext[0]&#xD;
      Applying migration 20260102064107_Initial.&#xD;
info: Microsoft.EntityFrameworkCore.DbContext[0]&#xD;
      Applying migration 20260103053524_AddDownloadTokens.&#xD;
info: Microsoft.EntityFrameworkCore.DbContext[0]&#xD;
      Applying migration 20260107231729_AddPreviewImageHashes.&#xD;
info: Microsoft.EntityFrameworkCore.DbContext[0]&#xD;
      Applying migration 20260108175756_AddPreviewOwnershipValidation.&#xD;
info: Microsoft.EntityFrameworkCore.DbContext[0]&#xD;
      Applying migration 20260109053928_ChangeFileManifestContentTypeToCiText.&#xD;
info: Microsoft.EntityFrameworkCore.DbContext[0]&#xD;
      Applying migration 20260110065155_AddEncryptedFilePreviewHashes.&#xD;
info: Microsoft.EntityFrameworkCore.DbContext[0]&#xD;
      Applying migration 20260117235145_AddDownloadTokenDeleteAfterUse.&#xD;
info: Microsoft.EntityFrameworkCore.DbContext[0]&#xD;
      Applying migration 20260118005931_AddNodeInterfaceLayoutType.&#xD;
info: Microsoft.EntityFrameworkCore.DbContext[0]&#xD;
      Applying migration 20260119010519_AddTotpUserFields.&#xD;
info: Microsoft.EntityFrameworkCore.DbContext[0]&#xD;
      Applying migration 20260119015802_AddTotpFailedAttempts.&#xD;
info: Microsoft.EntityFrameworkCore.DbContext[0]&#xD;
      Applying migration 20260119213137_ChangeRefreshTokenToExtendedRefreshToken.&#xD;
info: Microsoft.EntityFrameworkCore.DbContext[0]&#xD;
      Applying migration 20260119231832_AddSessionId.&#xD;
info: Microsoft.EntityFrameworkCore.DbContext[0]&#xD;
      Applying migration 20260120043352_AddPreviewGenerationError.&#xD;
info: Microsoft.EntityFrameworkCore.DbContext[0]&#xD;
      Applying migration 20260120195224_AddChunkGCScheduledAfter.&#xD;
info: Microsoft.EntityFrameworkCore.DbContext[0]&#xD;
      Applying migration 20260120214737_AddCascadeRestrictions.&#xD;
info: Microsoft.EntityFrameworkCore.DbContext[0]&#xD;
      Applying migration 20260126033853_RemoveInterfaceLayoutType.&#xD;
info: Microsoft.EntityFrameworkCore.DbContext[0]&#xD;
      Applying migration 20260129204019_AddWebDavTokenPhc.&#xD;
info: Microsoft.EntityFrameworkCore.DbContext[0]&#xD;
      Applying migration 20260202035108_MakeDownloadTokensUnique.&#xD;
info: Microsoft.EntityFrameworkCore.DbContext[0]&#xD;
      Applying migration 20260207232339_RemoveDownloadTokens.&#xD;
info: Microsoft.EntityFrameworkCore.DbContext[0]&#xD;
      Applying migration 20260207232353_AddDownloadTokenFileName.&#xD;
info: Microsoft.EntityFrameworkCore.DbContext[0]&#xD;
      Applying migration 20260208062226_ChangeDownloadTokenRelationToNodeFile.&#xD;
info: Microsoft.EntityFrameworkCore.DbContext[0]&#xD;
      Applying migration 20260209043535_AddUserEmail.&#xD;
info: Microsoft.EntityFrameworkCore.DbContext[0]&#xD;
      Applying migration 20260210183506_AddNotifications.&#xD;
info: Microsoft.EntityFrameworkCore.DbContext[0]&#xD;
      Applying migration 20260210183946_AddIsEmailVerified.&#xD;
info: Microsoft.EntityFrameworkCore.DbContext[0]&#xD;
      Applying migration 20260210184237_AddEmailVerificationTokenAndPasswordResetToken.&#xD;
info: Microsoft.EntityFrameworkCore.DbContext[0]&#xD;
      Applying migration 20260210200148_AddUserTokenTimestamps.&#xD;
info: Microsoft.EntityFrameworkCore.DbContext[0]&#xD;
      Applying migration 20260211071402_AddTokenIsTrusted.&#xD;
info: Microsoft.EntityFrameworkCore.DbContext[0]&#xD;
      Applying migration 20260211174215_AddUserFirstLastNameAndDoB.&#xD;
info: Microsoft.EntityFrameworkCore.DbContext[0]&#xD;
      Applying migration 20260214065038_AddUserPreferences.&#xD;
info: Microsoft.EntityFrameworkCore.DbContext[0]&#xD;
      Applying migration 20260222071447_AddServerUrlToSettings.&#xD;
info: Microsoft.EntityFrameworkCore.DbContext[0]&#xD;
      Applying migration 20260222195527_MakePublicBaseUrlNonNullable.&#xD;
info: Microsoft.EntityFrameworkCore.DbContext[0]&#xD;
      Applying migration 20260225182243_AddEncryptedFileLargePreviewHash.&#xD;
info: Microsoft.EntityFrameworkCore.DbContext[0]&#xD;
      Applying migration 20260225183216_RemoveEncryptedPreviewHashColumns.&#xD;
info: Microsoft.EntityFrameworkCore.DbContext[0]&#xD;
      Applying migration 20260225190042_AddEncryptedPreviewHashColumns.&#xD;
info: Microsoft.EntityFrameworkCore.DbContext[0]&#xD;
      Applying migration 20260227004821_RemoveImportSources.&#xD;
info: Microsoft.EntityFrameworkCore.DbContext[0]&#xD;
      Applying migration 20260301003754_RemoveSmallFilePreviewHash.&#xD;
info: Microsoft.EntityFrameworkCore.DbContext[0]&#xD;
      Applying migration 20260301003855_AddSmallFilePreviewHashEncryptedAndSmallFilePreviewHash.&#xD;
info: Microsoft.EntityFrameworkCore.DbContext[0]&#xD;
      Applying migration 20260304054403_AddNodeShareTokens.&#xD;
info: Microsoft.EntityFrameworkCore.DbContext[0]&#xD;
      Applying migration 20260415162938_AddAppVersions.&#xD;
info: Microsoft.EntityFrameworkCore.DbContext[0]&#xD;
      Applying migration 20260421040421_AddChunkStoredSizeBytes.&#xD;
info: Microsoft.EntityFrameworkCore.DbContext[0]&#xD;
      Applying migration 20260421040457_RenamePlainSizeBytes.&#xD;
info: Microsoft.EntityFrameworkCore.DbContext[0]&#xD;
      Applying migration 20260421045328_AddChunkIndexes.&#xD;
info: Microsoft.EntityFrameworkCore.DbContext[0]&#xD;
      Applying migration 20260422031339_AddUserAvatar.&#xD;
info: Microsoft.EntityFrameworkCore.DbContext[0]&#xD;
      Applying migration 20260423061540_AddOidcSettings.&#xD;
info: Microsoft.EntityFrameworkCore.DbContext[0]&#xD;
      Applying migration 20260423062338_AddCloudServicesTokenEncrypted.&#xD;
fail: Microsoft.EntityFrameworkCore.Database.Command[20102]&#xD;
      Failed executing DbCommand (0ms) [Parameters=[], CommandType='Text', CommandTimeout='60']&#xD;
      SELECT "MigrationId", "ProductVersion"&#xD;
      FROM "__EFMigrationsHistory"&#xD;
      ORDER BY "MigrationId";&#xD;
info: Microsoft.EntityFrameworkCore.Migrations[20411]&#xD;
      Acquiring an exclusive lock for migration application. See https://aka.ms/efcore-docs-migrations-lock for more information if this takes too long.&#xD;
info: Microsoft.EntityFrameworkCore.Migrations[20402]&#xD;
      Applying migration '20260102064107_Initial'.&#xD;
info: Microsoft.EntityFrameworkCore.Migrations[20402]&#xD;
      Applying migration '20260103053524_AddDownloadTokens'.&#xD;
info: Microsoft.EntityFrameworkCore.Migrations[20411]&#xD;
      Acquiring an exclusive lock for migration application. See https://aka.ms/efcore-docs-migrations-lock for more information if this takes too long.&#xD;
info: Microsoft.EntityFrameworkCore.Migrations[20402]&#xD;
      Applying migration '20260107231729_AddPreviewImageHashes'.&#xD;
info: Microsoft.EntityFrameworkCore.Migrations[20411]&#xD;
      Acquiring an exclusive lock for migration application. See https://aka.ms/efcore-docs-migrations-lock for more information if this takes too long.&#xD;
info: Microsoft.EntityFrameworkCore.Migrations[20402]&#xD;
      Applying migration '20260108175756_AddPreviewOwnershipValidation'.&#xD;
info: Microsoft.EntityFrameworkCore.Migrations[20411]&#xD;
      Acquiring an exclusive lock for migration application. See https://aka.ms/efcore-docs-migrations-lock for more information if this takes too long.&#xD;
info: Microsoft.EntityFrameworkCore.Migrations[20402]&#xD;
      Applying migration '20260109053928_ChangeFileManifestContentTypeToCiText'.&#xD;
info: Microsoft.EntityFrameworkCore.Migrations[20411]&#xD;
      Acquiring an exclusive lock for migration application. See https://aka.ms/efcore-docs-migrations-lock for more information if this takes too long.&#xD;
info: Microsoft.EntityFrameworkCore.Migrations[20402]&#xD;
      Applying migration '20260110065155_AddEncryptedFilePreviewHashes'.&#xD;
info: Microsoft.EntityFrameworkCore.Migrations[20411]&#xD;
      Acquiring an exclusive lock for migration application. See https://aka.ms/efcore-docs-migrations-lock for more information if this takes too long.&#xD;
info: Microsoft.EntityFrameworkCore.Migrations[20402]&#xD;
      Applying migration '20260117235145_AddDownloadTokenDeleteAfterUse'.&#xD;
info: Microsoft.EntityFrameworkCore.Migrations[20411]&#xD;
      Acquiring an exclusive lock for migration application. See https://aka.ms/efcore-docs-migrations-lock for more information if this takes too long.&#xD;
info: Microsoft.EntityFrameworkCore.Migrations[20402]&#xD;
      Applying migration '20260118005931_AddNodeInterfaceLayoutType'.&#xD;
info: Microsoft.EntityFrameworkCore.Migrations[20411]&#xD;
      Acquiring an exclusive lock for migration application. See https://aka.ms/efcore-docs-migrations-lock for more information if this takes too long.&#xD;
info: Microsoft.EntityFrameworkCore.Migrations[20402]&#xD;
      Applying migration '20260119010519_AddTotpUserFields'.&#xD;
info: Microsoft.EntityFrameworkCore.Migrations[20411]&#xD;
      Acquiring an exclusive lock for migration application. See https://aka.ms/efcore-docs-migrations-lock for more information if this takes too long.&#xD;
info: Microsoft.EntityFrameworkCore.Migrations[20402]&#xD;
      Applying migration '20260119015802_AddTotpFailedAttempts'.&#xD;
info: Microsoft.EntityFrameworkCore.Migrations[20411]&#xD;
      Acquiring an exclusive lock for migration application. See https://aka.ms/efcore-docs-migrations-lock for more information if this takes too long.&#xD;
info: Microsoft.EntityFrameworkCore.Migrations[20402]&#xD;
      Applying migration '20260119213137_ChangeRefreshTokenToExtendedRefreshToken'.&#xD;
info: Microsoft.EntityFrameworkCore.Migrations[20411]&#xD;
      Acquiring an exclusive lock for migration application. See https://aka.ms/efcore-docs-migrations-lock for more information if this takes too long.&#xD;
info: Microsoft.EntityFrameworkCore.Migrations[20402]&#xD;
      Applying migration '20260119231832_AddSessionId'.&#xD;
info: Microsoft.EntityFrameworkCore.Migrations[20411]&#xD;
      Acquiring an exclusive lock for migration application. See https://aka.ms/efcore-docs-migrations-lock for more information if this takes too long.&#xD;
info: Microsoft.EntityFrameworkCore.Migrations[20402]&#xD;
      Applying migration '20260120043352_AddPreviewGenerationError'.&#xD;
info: Microsoft.EntityFrameworkCore.Migrations[20411]&#xD;
      Acquiring an exclusive lock for migration application. See https://aka.ms/efcore-docs-migrations-lock for more information if this takes too long.&#xD;
info: Microsoft.EntityFrameworkCore.Migrations[20402]&#xD;
      Applying migration '20260120195224_AddChunkGCScheduledAfter'.&#xD;
info: Microsoft.EntityFrameworkCore.Migrations[20411]&#xD;
      Acquiring an exclusive lock for migration application. See https://aka.ms/efcore-docs-migrations-lock for more information if this takes too long.&#xD;
info: Microsoft.EntityFrameworkCore.Migrations[20402]&#xD;
      Applying migration '20260120214737_AddCascadeRestrictions'.&#xD;
info: Microsoft.EntityFrameworkCore.Migrations[20411]&#xD;
      Acquiring an exclusive lock for migration application. See https://aka.ms/efcore-docs-migrations-lock for more information if this takes too long.&#xD;
info: Microsoft.EntityFrameworkCore.Migrations[20402]&#xD;
      Applying migration '20260126033853_RemoveInterfaceLayoutType'.&#xD;
info: Microsoft.EntityFrameworkCore.Migrations[20411]&#xD;
      Acquiring an exclusive lock for migration application. See https://aka.ms/efcore-docs-migrations-lock for more information if this takes too long.&#xD;
info: Microsoft.EntityFrameworkCore.Migrations[20402]&#xD;
      Applying migration '20260129204019_AddWebDavTokenPhc'.&#xD;
info: Microsoft.EntityFrameworkCore.Migrations[20411]&#xD;
      Acquiring an exclusive lock for migration application. See https://aka.ms/efcore-docs-migrations-lock for more information if this takes too long.&#xD;
info: Microsoft.EntityFrameworkCore.Migrations[20402]&#xD;
      Applying migration '20260202035108_MakeDownloadTokensUnique'.&#xD;
info: Microsoft.EntityFrameworkCore.Migrations[20411]&#xD;
      Acquiring an exclusive lock for migration application. See https://aka.ms/efcore-docs-migrations-lock for more information if this takes too long.&#xD;
info: Microsoft.EntityFrameworkCore.Migrations[20402]&#xD;
      Applying migration '20260207232339_RemoveDownloadTokens'.&#xD;
info: Microsoft.EntityFrameworkCore.Migrations[20411]&#xD;
      Acquiring an exclusive lock for migration application. See https://aka.ms/efcore-docs-migrations-lock for more information if this takes too long.&#xD;
info: Microsoft.EntityFrameworkCore.Migrations[20402]&#xD;
      Applying migration '20260207232353_AddDownloadTokenFileName'.&#xD;
info: Microsoft.EntityFrameworkCore.Migrations[20411]&#xD;
      Acquiring an exclusive lock for migration application. See https://aka.ms/efcore-docs-migrations-lock for more information if this takes too long.&#xD;
info: Microsoft.EntityFrameworkCore.Migrations[20402]&#xD;
      Applying migration '20260208062226_ChangeDownloadTokenRelationToNodeFile'.&#xD;
info: Microsoft.EntityFrameworkCore.Migrations[20411]&#xD;
      Acquiring an exclusive lock for migration application. See https://aka.ms/efcore-docs-migrations-lock for more information if this takes too long.&#xD;
info: Microsoft.EntityFrameworkCore.Migrations[20402]&#xD;
      Applying migration '20260209043535_AddUserEmail'.&#xD;
info: Microsoft.EntityFrameworkCore.Migrations[20411]&#xD;
      Acquiring an exclusive lock for migration application. See https://aka.ms/efcore-docs-migrations-lock for more information if this takes too long.&#xD;
info: Microsoft.EntityFrameworkCore.Migrations[20402]&#xD;
      Applying migration '20260210183506_AddNotifications'.&#xD;
info: Microsoft.EntityFrameworkCore.Migrations[20411]&#xD;
      Acquiring an exclusive lock for migration application. See https://aka.ms/efcore-docs-migrations-lock for more information if this takes too long.&#xD;
info: Microsoft.EntityFrameworkCore.Migrations[20402]&#xD;
      Applying migration '20260210183946_AddIsEmailVerified'.&#xD;
info: Microsoft.EntityFrameworkCore.Migrations[20411]&#xD;
      Acquiring an exclusive lock for migration application. See https://aka.ms/efcore-docs-migrations-lock for more information if this takes too long.&#xD;
info: Microsoft.EntityFrameworkCore.Migrations[20402]&#xD;
      Applying migration '20260210184237_AddEmailVerificationTokenAndPasswordResetToken'.&#xD;
info: Microsoft.EntityFrameworkCore.Migrations[20411]&#xD;
      Acquiring an exclusive lock for migration application. See https://aka.ms/efcore-docs-migrations-lock for more information if this takes too long.&#xD;
info: Microsoft.EntityFrameworkCore.Migrations[20402]&#xD;
      Applying migration '20260210200148_AddUserTokenTimestamps'.&#xD;
info: Microsoft.EntityFrameworkCore.Migrations[20411]&#xD;
      Acquiring an exclusive lock for migration application. See https://aka.ms/efcore-docs-migrations-lock for more information if this takes too long.&#xD;
info: Microsoft.EntityFrameworkCore.Migrations[20402]&#xD;
      Applying migration '20260211071402_AddTokenIsTrusted'.&#xD;
info: Microsoft.EntityFrameworkCore.Migrations[20411]&#xD;
      Acquiring an exclusive lock for migration application. See https://aka.ms/efcore-docs-migrations-lock for more information if this takes too long.&#xD;
info: Microsoft.EntityFrameworkCore.Migrations[20402]&#xD;
      Applying migration '20260211174215_AddUserFirstLastNameAndDoB'.&#xD;
info: Microsoft.EntityFrameworkCore.Migrations[20411]&#xD;
      Acquiring an exclusive lock for migration application. See https://aka.ms/efcore-docs-migrations-lock for more information if this takes too long.&#xD;
info: Microsoft.EntityFrameworkCore.Migrations[20402]&#xD;
      Applying migration '20260214065038_AddUserPreferences'.&#xD;
info: Microsoft.EntityFrameworkCore.Migrations[20411]&#xD;
      Acquiring an exclusive lock for migration application. See https://aka.ms/efcore-docs-migrations-lock for more information if this takes too long.&#xD;
info: Microsoft.EntityFrameworkCore.Migrations[20402]&#xD;
      Applying migration '20260222071447_AddServerUrlToSettings'.&#xD;
info: Microsoft.EntityFrameworkCore.Migrations[20411]&#xD;
      Acquiring an exclusive lock for migration application. See https://aka.ms/efcore-docs-migrations-lock for more information if this takes too long.&#xD;
info: Microsoft.EntityFrameworkCore.Migrations[20402]&#xD;
      Applying migration '20260222195527_MakePublicBaseUrlNonNullable'.&#xD;
info: Microsoft.EntityFrameworkCore.Migrations[20411]&#xD;
      Acquiring an exclusive lock for migration application. See https://aka.ms/efcore-docs-migrations-lock for more information if this takes too long.&#xD;
info: Microsoft.EntityFrameworkCore.Migrations[20402]&#xD;
      Applying migration '20260225182243_AddEncryptedFileLargePreviewHash'.&#xD;
info: Microsoft.EntityFrameworkCore.Migrations[20411]&#xD;
      Acquiring an exclusive lock for migration application. See https://aka.ms/efcore-docs-migrations-lock for more information if this takes too long.&#xD;
info: Microsoft.EntityFrameworkCore.Migrations[20402]&#xD;
      Applying migration '20260225183216_RemoveEncryptedPreviewHashColumns'.&#xD;
info: Microsoft.EntityFrameworkCore.Migrations[20411]&#xD;
      Acquiring an exclusive lock for migration application. See https://aka.ms/efcore-docs-migrations-lock for more information if this takes too long.&#xD;
info: Microsoft.EntityFrameworkCore.Migrations[20402]&#xD;
      Applying migration '20260225190042_AddEncryptedPreviewHashColumns'.&#xD;
info: Microsoft.EntityFrameworkCore.Migrations[20411]&#xD;
      Acquiring an exclusive lock for migration application. See https://aka.ms/efcore-docs-migrations-lock for more information if this takes too long.&#xD;
info: Microsoft.EntityFrameworkCore.Migrations[20402]&#xD;
      Applying migration '20260227004821_RemoveImportSources'.&#xD;
info: Microsoft.EntityFrameworkCore.Migrations[20411]&#xD;
      Acquiring an exclusive lock for migration application. See https://aka.ms/efcore-docs-migrations-lock for more information if this takes too long.&#xD;
info: Microsoft.EntityFrameworkCore.Migrations[20402]&#xD;
      Applying migration '20260301003754_RemoveSmallFilePreviewHash'.&#xD;
info: Microsoft.EntityFrameworkCore.Migrations[20411]&#xD;
      Acquiring an exclusive lock for migration application. See https://aka.ms/efcore-docs-migrations-lock for more information if this takes too long.&#xD;
info: Microsoft.EntityFrameworkCore.Migrations[20402]&#xD;
      Applying migration '20260301003855_AddSmallFilePreviewHashEncryptedAndSmallFilePreviewHash'.&#xD;
info: Microsoft.EntityFrameworkCore.Migrations[20411]&#xD;
      Acquiring an exclusive lock for migration application. See https://aka.ms/efcore-docs-migrations-lock for more information if this takes too long.&#xD;
info: Microsoft.EntityFrameworkCore.Migrations[20402]&#xD;
      Applying migration '20260304054403_AddNodeShareTokens'.&#xD;
info: Microsoft.EntityFrameworkCore.Migrations[20411]&#xD;
      Acquiring an exclusive lock for migration application. See https://aka.ms/efcore-docs-migrations-lock for more information if this takes too long.&#xD;
info: Microsoft.EntityFrameworkCore.Migrations[20402]&#xD;
      Applying migration '20260415162938_AddAppVersions'.&#xD;
info: Microsoft.EntityFrameworkCore.Migrations[20411]&#xD;
      Acquiring an exclusive lock for migration application. See https://aka.ms/efcore-docs-migrations-lock for more information if this takes too long.&#xD;
info: Microsoft.EntityFrameworkCore.Migrations[20402]&#xD;
      Applying migration '20260421040421_AddChunkStoredSizeBytes'.&#xD;
info: Microsoft.EntityFrameworkCore.Migrations[20411]&#xD;
      Acquiring an exclusive lock for migration application. See https://aka.ms/efcore-docs-migrations-lock for more information if this takes too long.&#xD;
info: Microsoft.EntityFrameworkCore.Migrations[20402]&#xD;
      Applying migration '20260421040457_RenamePlainSizeBytes'.&#xD;
info: Microsoft.EntityFrameworkCore.Migrations[20411]&#xD;
      Acquiring an exclusive lock for migration application. See https://aka.ms/efcore-docs-migrations-lock for more information if this takes too long.&#xD;
info: Microsoft.EntityFrameworkCore.Migrations[20402]&#xD;
      Applying migration '20260421045328_AddChunkIndexes'.&#xD;
info: Microsoft.EntityFrameworkCore.Migrations[20411]&#xD;
      Acquiring an exclusive lock for migration application. See https://aka.ms/efcore-docs-migrations-lock for more information if this takes too long.&#xD;
info: Microsoft.EntityFrameworkCore.Migrations[20402]&#xD;
      Applying migration '20260422031339_AddUserAvatar'.&#xD;
info: Microsoft.EntityFrameworkCore.Migrations[20411]&#xD;
      Acquiring an exclusive lock for migration application. See https://aka.ms/efcore-docs-migrations-lock for more information if this takes too long.&#xD;
info: Microsoft.EntityFrameworkCore.Migrations[20402]&#xD;
      Applying migration '20260423061540_AddOidcSettings'.&#xD;
info: Microsoft.EntityFrameworkCore.Migrations[20411]&#xD;
      Acquiring an exclusive lock for migration application. See https://aka.ms/efcore-docs-migrations-lock for more information if this takes too long.&#xD;
info: Microsoft.EntityFrameworkCore.Migrations[20402]&#xD;
      Applying migration '20260423062338_AddCloudServicesTokenEncrypted'.&#xD;
info: Microsoft.EntityFrameworkCore.Migrations[20411]&#xD;
      Acquiring an exclusive lock for migration application. See https://aka.ms/efcore-docs-migrations-lock for more information if this takes too long.&#xD;
info: Microsoft.EntityFrameworkCore.DbContext[0]&#xD;
      Migrations applied.&#xD;
info: Microsoft.Hosting.Lifetime[0]&#xD;
      Application started. Press Ctrl+C to shut down.&#xD;
info: Microsoft.Hosting.Lifetime[0]&#xD;
      Hosting environment: IntegrationTests&#xD;
info: Microsoft.Hosting.Lifetime[0]&#xD;
      Content root path: X:\Github\cotton\src\Cotton.Server&#xD;
info: Microsoft.Hosting.Lifetime[0]&#xD;
      Application is shutting down...</StdOut>
        <ErrorInfo>
          <Message>  DB should start with no user tables in this test setup.&#xD;
Assert.That(creator.HasTables(), Is.False)&#xD;
  Expected: False&#xD;
  But was:  True&#xD;
</Message>
          <StackTrace>   at Cotton.Server.IntegrationTests.StartupLifecycleChainTests.Startup_OnCleanDatabase_AppliesMigrations_AndCreatesInitialAdminWithinWindow() in X:\Github\cotton\src\Cotton.Server.IntegrationTests\StartupLifecycleChainTests.cs:line 91&#xD;
   at NUnit.Framework.Internal.TaskAwaitAdapter.GenericAdapter`1.GetResult()&#xD;
   at NUnit.Framework.Internal.AsyncToSyncAdapter.Await[TResult](TestExecutionContext context, Func`1 invoke)&#xD;
   at NUnit.Framework.Internal.AsyncToSyncAdapter.Await(TestExecutionContext context, Func`1 invoke)&#xD;
   at NUnit.Framework.Internal.Commands.TestMethodCommand.RunTestMethod(TestExecutionContext context)&#xD;
   at NUnit.Framework.Internal.Commands.TestMethodCommand.Execute(TestExecutionContext context)&#xD;
   at NUnit.Framework.Internal.Commands.BeforeAndAfterTestCommand.&lt;&gt;c__DisplayClass1_0.&lt;Execute&gt;b__0()&#xD;
   at NUnit.Framework.Internal.Commands.DelegatingTestCommand.RunTestMethodInThreadAbortSafeZone(TestExecutionContext context, Action action)&#xD;

1)    at Cotton.Server.IntegrationTests.StartupLifecycleChainTests.Startup_OnCleanDatabase_AppliesMigrations_AndCreatesInitialAdminWithinWindow() in X:\Github\cotton\src\Cotton.Server.IntegrationTests\StartupLifecycleChainTests.cs:line 91&#xD;
   at Cotton.Server.IntegrationTests.StartupLifecycleChainTests.Startup_OnCleanDatabase_AppliesMigrations_AndCreatesInitialAdminWithinWindow()&#xD;

</StackTrace>
        </ErrorInfo>
      </Output>
    </UnitTestResult>
    <UnitTestResult executionId="cc5f4d28-e79a-4f1b-bc2a-59308fd1efaf" testId="97a45a36-f2af-c42c-2506-2b9a54e236d1" testName="CreateInitialSettings_Rejects_CustomEmail_WithoutEmailConfig" computerName="VADIM-PC" duration="00:00:02.4250430" startTime="2026-04-25T15:40:34.7965116-07:00" endTime="2026-04-25T15:40:37.2215543-07:00" testType="13cdc9d9-ddb5-4fa4-a97d-d965ccfc6d4b" outcome="Failed" testListId="8c84fa94-04c1-424b-9868-57a2d4851a1d" relativeResultsDirectory="cc5f4d28-e79a-4f1b-bc2a-59308fd1efaf">
      <Output>
        <StdOut>warn: Microsoft.AspNetCore.StaticFiles.StaticFileMiddleware[16]&#xD;
      The WebRootPath was not found: X:\Github\cotton\src\Cotton.Server\wwwroot. Static files may be unavailable.&#xD;
warn: Microsoft.AspNetCore.StaticFiles.StaticFileMiddleware[16]&#xD;
      The WebRootPath was not found: X:\Github\cotton\src\Cotton.Server\wwwroot. Static files may be unavailable.&#xD;
fail: Microsoft.EntityFrameworkCore.Database.Command[20102]&#xD;
      Failed executing DbCommand (1ms) [Parameters=[], CommandType='Text', CommandTimeout='60']&#xD;
      SELECT "MigrationId", "ProductVersion"&#xD;
      FROM "__EFMigrationsHistory"&#xD;
      ORDER BY "MigrationId";&#xD;
info: Microsoft.EntityFrameworkCore.DbContext[0]&#xD;
      Applying migration 20260102064107_Initial.&#xD;
info: Microsoft.EntityFrameworkCore.DbContext[0]&#xD;
      Applying migration 20260103053524_AddDownloadTokens.&#xD;
info: Microsoft.EntityFrameworkCore.DbContext[0]&#xD;
      Applying migration 20260107231729_AddPreviewImageHashes.&#xD;
info: Microsoft.EntityFrameworkCore.DbContext[0]&#xD;
      Applying migration 20260108175756_AddPreviewOwnershipValidation.&#xD;
info: Microsoft.EntityFrameworkCore.DbContext[0]&#xD;
      Applying migration 20260109053928_ChangeFileManifestContentTypeToCiText.&#xD;
info: Microsoft.EntityFrameworkCore.DbContext[0]&#xD;
      Applying migration 20260110065155_AddEncryptedFilePreviewHashes.&#xD;
info: Microsoft.EntityFrameworkCore.DbContext[0]&#xD;
      Applying migration 20260117235145_AddDownloadTokenDeleteAfterUse.&#xD;
info: Microsoft.EntityFrameworkCore.DbContext[0]&#xD;
      Applying migration 20260118005931_AddNodeInterfaceLayoutType.&#xD;
info: Microsoft.EntityFrameworkCore.DbContext[0]&#xD;
      Applying migration 20260119010519_AddTotpUserFields.&#xD;
info: Microsoft.EntityFrameworkCore.DbContext[0]&#xD;
      Applying migration 20260119015802_AddTotpFailedAttempts.&#xD;
info: Microsoft.EntityFrameworkCore.DbContext[0]&#xD;
      Applying migration 20260119213137_ChangeRefreshTokenToExtendedRefreshToken.&#xD;
info: Microsoft.EntityFrameworkCore.DbContext[0]&#xD;
      Applying migration 20260119231832_AddSessionId.&#xD;
info: Microsoft.EntityFrameworkCore.DbContext[0]&#xD;
      Applying migration 20260120043352_AddPreviewGenerationError.&#xD;
info: Microsoft.EntityFrameworkCore.DbContext[0]&#xD;
      Applying migration 20260120195224_AddChunkGCScheduledAfter.&#xD;
info: Microsoft.EntityFrameworkCore.DbContext[0]&#xD;
      Applying migration 20260120214737_AddCascadeRestrictions.&#xD;
info: Microsoft.EntityFrameworkCore.DbContext[0]&#xD;
      Applying migration 20260126033853_RemoveInterfaceLayoutType.&#xD;
info: Microsoft.EntityFrameworkCore.DbContext[0]&#xD;
      Applying migration 20260129204019_AddWebDavTokenPhc.&#xD;
info: Microsoft.EntityFrameworkCore.DbContext[0]&#xD;
      Applying migration 20260202035108_MakeDownloadTokensUnique.&#xD;
info: Microsoft.EntityFrameworkCore.DbContext[0]&#xD;
      Applying migration 20260207232339_RemoveDownloadTokens.&#xD;
info: Microsoft.EntityFrameworkCore.DbContext[0]&#xD;
      Applying migration 20260207232353_AddDownloadTokenFileName.&#xD;
info: Microsoft.EntityFrameworkCore.DbContext[0]&#xD;
      Applying migration 20260208062226_ChangeDownloadTokenRelationToNodeFile.&#xD;
info: Microsoft.EntityFrameworkCore.DbContext[0]&#xD;
      Applying migration 20260209043535_AddUserEmail.&#xD;
info: Microsoft.EntityFrameworkCore.DbContext[0]&#xD;
      Applying migration 20260210183506_AddNotifications.&#xD;
info: Microsoft.EntityFrameworkCore.DbContext[0]&#xD;
      Applying migration 20260210183946_AddIsEmailVerified.&#xD;
info: Microsoft.EntityFrameworkCore.DbContext[0]&#xD;
      Applying migration 20260210184237_AddEmailVerificationTokenAndPasswordResetToken.&#xD;
info: Microsoft.EntityFrameworkCore.DbContext[0]&#xD;
      Applying migration 20260210200148_AddUserTokenTimestamps.&#xD;
info: Microsoft.EntityFrameworkCore.DbContext[0]&#xD;
      Applying migration 20260211071402_AddTokenIsTrusted.&#xD;
info: Microsoft.EntityFrameworkCore.DbContext[0]&#xD;
      Applying migration 20260211174215_AddUserFirstLastNameAndDoB.&#xD;
info: Microsoft.EntityFrameworkCore.DbContext[0]&#xD;
      Applying migration 20260214065038_AddUserPreferences.&#xD;
info: Microsoft.EntityFrameworkCore.DbContext[0]&#xD;
      Applying migration 20260222071447_AddServerUrlToSettings.&#xD;
info: Microsoft.EntityFrameworkCore.DbContext[0]&#xD;
      Applying migration 20260222195527_MakePublicBaseUrlNonNullable.&#xD;
info: Microsoft.EntityFrameworkCore.DbContext[0]&#xD;
      Applying migration 20260225182243_AddEncryptedFileLargePreviewHash.&#xD;
info: Microsoft.EntityFrameworkCore.DbContext[0]&#xD;
      Applying migration 20260225183216_RemoveEncryptedPreviewHashColumns.&#xD;
info: Microsoft.EntityFrameworkCore.DbContext[0]&#xD;
      Applying migration 20260225190042_AddEncryptedPreviewHashColumns.&#xD;
info: Microsoft.EntityFrameworkCore.DbContext[0]&#xD;
      Applying migration 20260227004821_RemoveImportSources.&#xD;
info: Microsoft.EntityFrameworkCore.DbContext[0]&#xD;
      Applying migration 20260301003754_RemoveSmallFilePreviewHash.&#xD;
info: Microsoft.EntityFrameworkCore.DbContext[0]&#xD;
      Applying migration 20260301003855_AddSmallFilePreviewHashEncryptedAndSmallFilePreviewHash.&#xD;
info: Microsoft.EntityFrameworkCore.DbContext[0]&#xD;
      Applying migration 20260304054403_AddNodeShareTokens.&#xD;
info: Microsoft.EntityFrameworkCore.DbContext[0]&#xD;
      Applying migration 20260415162938_AddAppVersions.&#xD;
info: Microsoft.EntityFrameworkCore.DbContext[0]&#xD;
      Applying migration 20260421040421_AddChunkStoredSizeBytes.&#xD;
info: Microsoft.EntityFrameworkCore.DbContext[0]&#xD;
      Applying migration 20260421040457_RenamePlainSizeBytes.&#xD;
info: Microsoft.EntityFrameworkCore.DbContext[0]&#xD;
      Applying migration 20260421045328_AddChunkIndexes.&#xD;
info: Microsoft.EntityFrameworkCore.DbContext[0]&#xD;
      Applying migration 20260422031339_AddUserAvatar.&#xD;
info: Microsoft.EntityFrameworkCore.DbContext[0]&#xD;
      Applying migration 20260423061540_AddOidcSettings.&#xD;
info: Microsoft.EntityFrameworkCore.DbContext[0]&#xD;
      Applying migration 20260423062338_AddCloudServicesTokenEncrypted.&#xD;
fail: Microsoft.EntityFrameworkCore.Database.Command[20102]&#xD;
      Failed executing DbCommand (0ms) [Parameters=[], CommandType='Text', CommandTimeout='60']&#xD;
      SELECT "MigrationId", "ProductVersion"&#xD;
      FROM "__EFMigrationsHistory"&#xD;
      ORDER BY "MigrationId";&#xD;
info: Microsoft.EntityFrameworkCore.Migrations[20411]&#xD;
      Acquiring an exclusive lock for migration application. See https://aka.ms/efcore-docs-migrations-lock for more information if this takes too long.&#xD;
info: Microsoft.EntityFrameworkCore.Migrations[20402]&#xD;
      Applying migration '20260102064107_Initial'.&#xD;
info: Microsoft.EntityFrameworkCore.Migrations[20402]&#xD;
      Applying migration '20260103053524_AddDownloadTokens'.&#xD;
info: Microsoft.EntityFrameworkCore.Migrations[20411]&#xD;
      Acquiring an exclusive lock for migration application. See https://aka.ms/efcore-docs-migrations-lock for more information if this takes too long.&#xD;
info: Microsoft.EntityFrameworkCore.Migrations[20402]&#xD;
      Applying migration '20260107231729_AddPreviewImageHashes'.&#xD;
info: Microsoft.EntityFrameworkCore.Migrations[20411]&#xD;
      Acquiring an exclusive lock for migration application. See https://aka.ms/efcore-docs-migrations-lock for more information if this takes too long.&#xD;
info: Microsoft.EntityFrameworkCore.Migrations[20402]&#xD;
      Applying migration '20260108175756_AddPreviewOwnershipValidation'.&#xD;
info: Microsoft.EntityFrameworkCore.Migrations[20411]&#xD;
      Acquiring an exclusive lock for migration application. See https://aka.ms/efcore-docs-migrations-lock for more information if this takes too long.&#xD;
info: Microsoft.EntityFrameworkCore.Migrations[20402]&#xD;
      Applying migration '20260109053928_ChangeFileManifestContentTypeToCiText'.&#xD;
info: Microsoft.EntityFrameworkCore.Migrations[20411]&#xD;
      Acquiring an exclusive lock for migration application. See https://aka.ms/efcore-docs-migrations-lock for more information if this takes too long.&#xD;
info: Microsoft.EntityFrameworkCore.Migrations[20402]&#xD;
      Applying migration '20260110065155_AddEncryptedFilePreviewHashes'.&#xD;
info: Microsoft.EntityFrameworkCore.Migrations[20411]&#xD;
      Acquiring an exclusive lock for migration application. See https://aka.ms/efcore-docs-migrations-lock for more information if this takes too long.&#xD;
info: Microsoft.EntityFrameworkCore.Migrations[20402]&#xD;
      Applying migration '20260117235145_AddDownloadTokenDeleteAfterUse'.&#xD;
info: Microsoft.EntityFrameworkCore.Migrations[20411]&#xD;
      Acquiring an exclusive lock for migration application. See https://aka.ms/efcore-docs-migrations-lock for more information if this takes too long.&#xD;
info: Microsoft.EntityFrameworkCore.Migrations[20402]&#xD;
      Applying migration '20260118005931_AddNodeInterfaceLayoutType'.&#xD;
info: Microsoft.EntityFrameworkCore.Migrations[20411]&#xD;
      Acquiring an exclusive lock for migration application. See https://aka.ms/efcore-docs-migrations-lock for more information if this takes too long.&#xD;
info: Microsoft.EntityFrameworkCore.Migrations[20402]&#xD;
      Applying migration '20260119010519_AddTotpUserFields'.&#xD;
info: Microsoft.EntityFrameworkCore.Migrations[20411]&#xD;
      Acquiring an exclusive lock for migration application. See https://aka.ms/efcore-docs-migrations-lock for more information if this takes too long.&#xD;
info: Microsoft.EntityFrameworkCore.Migrations[20402]&#xD;
      Applying migration '20260119015802_AddTotpFailedAttempts'.&#xD;
info: Microsoft.EntityFrameworkCore.Migrations[20411]&#xD;
      Acquiring an exclusive lock for migration application. See https://aka.ms/efcore-docs-migrations-lock for more information if this takes too long.&#xD;
info: Microsoft.EntityFrameworkCore.Migrations[20402]&#xD;
      Applying migration '20260119213137_ChangeRefreshTokenToExtendedRefreshToken'.&#xD;
info: Microsoft.EntityFrameworkCore.Migrations[20411]&#xD;
      Acquiring an exclusive lock for migration application. See https://aka.ms/efcore-docs-migrations-lock for more information if this takes too long.&#xD;
info: Microsoft.EntityFrameworkCore.Migrations[20402]&#xD;
      Applying migration '20260119231832_AddSessionId'.&#xD;
info: Microsoft.EntityFrameworkCore.Migrations[20411]&#xD;
      Acquiring an exclusive lock for migration application. See https://aka.ms/efcore-docs-migrations-lock for more information if this takes too long.&#xD;
info: Microsoft.EntityFrameworkCore.Migrations[20402]&#xD;
      Applying migration '20260120043352_AddPreviewGenerationError'.&#xD;
info: Microsoft.EntityFrameworkCore.Migrations[20411]&#xD;
      Acquiring an exclusive lock for migration application. See https://aka.ms/efcore-docs-migrations-lock for more information if this takes too long.&#xD;
info: Microsoft.EntityFrameworkCore.Migrations[20402]&#xD;
      Applying migration '20260120195224_AddChunkGCScheduledAfter'.&#xD;
info: Microsoft.EntityFrameworkCore.Migrations[20411]&#xD;
      Acquiring an exclusive lock for migration application. See https://aka.ms/efcore-docs-migrations-lock for more information if this takes too long.&#xD;
info: Microsoft.EntityFrameworkCore.Migrations[20402]&#xD;
      Applying migration '20260120214737_AddCascadeRestrictions'.&#xD;
info: Microsoft.EntityFrameworkCore.Migrations[20411]&#xD;
      Acquiring an exclusive lock for migration application. See https://aka.ms/efcore-docs-migrations-lock for more information if this takes too long.&#xD;
info: Microsoft.EntityFrameworkCore.Migrations[20402]&#xD;
      Applying migration '20260126033853_RemoveInterfaceLayoutType'.&#xD;
info: Microsoft.EntityFrameworkCore.Migrations[20411]&#xD;
      Acquiring an exclusive lock for migration application. See https://aka.ms/efcore-docs-migrations-lock for more information if this takes too long.&#xD;
info: Microsoft.EntityFrameworkCore.Migrations[20402]&#xD;
      Applying migration '20260129204019_AddWebDavTokenPhc'.&#xD;
info: Microsoft.EntityFrameworkCore.Migrations[20411]&#xD;
      Acquiring an exclusive lock for migration application. See https://aka.ms/efcore-docs-migrations-lock for more information if this takes too long.&#xD;
info: Microsoft.EntityFrameworkCore.Migrations[20402]&#xD;
      Applying migration '20260202035108_MakeDownloadTokensUnique'.&#xD;
info: Microsoft.EntityFrameworkCore.Migrations[20411]&#xD;
      Acquiring an exclusive lock for migration application. See https://aka.ms/efcore-docs-migrations-lock for more information if this takes too long.&#xD;
info: Microsoft.EntityFrameworkCore.Migrations[20402]&#xD;
      Applying migration '20260207232339_RemoveDownloadTokens'.&#xD;
info: Microsoft.EntityFrameworkCore.Migrations[20411]&#xD;
      Acquiring an exclusive lock for migration application. See https://aka.ms/efcore-docs-migrations-lock for more information if this takes too long.&#xD;
info: Microsoft.EntityFrameworkCore.Migrations[20402]&#xD;
      Applying migration '20260207232353_AddDownloadTokenFileName'.&#xD;
info: Microsoft.EntityFrameworkCore.Migrations[20411]&#xD;
      Acquiring an exclusive lock for migration application. See https://aka.ms/efcore-docs-migrations-lock for more information if this takes too long.&#xD;
info: Microsoft.EntityFrameworkCore.Migrations[20402]&#xD;
      Applying migration '20260208062226_ChangeDownloadTokenRelationToNodeFile'.&#xD;
info: Microsoft.EntityFrameworkCore.Migrations[20411]&#xD;
      Acquiring an exclusive lock for migration application. See https://aka.ms/efcore-docs-migrations-lock for more information if this takes too long.&#xD;
info: Microsoft.EntityFrameworkCore.Migrations[20402]&#xD;
      Applying migration '20260209043535_AddUserEmail'.&#xD;
info: Microsoft.EntityFrameworkCore.Migrations[20411]&#xD;
      Acquiring an exclusive lock for migration application. See https://aka.ms/efcore-docs-migrations-lock for more information if this takes too long.&#xD;
info: Microsoft.EntityFrameworkCore.Migrations[20402]&#xD;
      Applying migration '20260210183506_AddNotifications'.&#xD;
info: Microsoft.EntityFrameworkCore.Migrations[20411]&#xD;
      Acquiring an exclusive lock for migration application. See https://aka.ms/efcore-docs-migrations-lock for more information if this takes too long.&#xD;
info: Microsoft.EntityFrameworkCore.Migrations[20402]&#xD;
      Applying migration '20260210183946_AddIsEmailVerified'.&#xD;
info: Microsoft.EntityFrameworkCore.Migrations[20411]&#xD;
      Acquiring an exclusive lock for migration application. See https://aka.ms/efcore-docs-migrations-lock for more information if this takes too long.&#xD;
info: Microsoft.EntityFrameworkCore.Migrations[20402]&#xD;
      Applying migration '20260210184237_AddEmailVerificationTokenAndPasswordResetToken'.&#xD;
info: Microsoft.EntityFrameworkCore.Migrations[20411]&#xD;
      Acquiring an exclusive lock for migration application. See https://aka.ms/efcore-docs-migrations-lock for more information if this takes too long.&#xD;
info: Microsoft.EntityFrameworkCore.Migrations[20402]&#xD;
      Applying migration '20260210200148_AddUserTokenTimestamps'.&#xD;
info: Microsoft.EntityFrameworkCore.Migrations[20411]&#xD;
      Acquiring an exclusive lock for migration application. See https://aka.ms/efcore-docs-migrations-lock for more information if this takes too long.&#xD;
info: Microsoft.EntityFrameworkCore.Migrations[20402]&#xD;
      Applying migration '20260211071402_AddTokenIsTrusted'.&#xD;
info: Microsoft.EntityFrameworkCore.Migrations[20411]&#xD;
      Acquiring an exclusive lock for migration application. See https://aka.ms/efcore-docs-migrations-lock for more information if this takes too long.&#xD;
info: Microsoft.EntityFrameworkCore.Migrations[20402]&#xD;
      Applying migration '20260211174215_AddUserFirstLastNameAndDoB'.&#xD;
info: Microsoft.EntityFrameworkCore.Migrations[20411]&#xD;
      Acquiring an exclusive lock for migration application. See https://aka.ms/efcore-docs-migrations-lock for more information if this takes too long.&#xD;
info: Microsoft.EntityFrameworkCore.Migrations[20402]&#xD;
      Applying migration '20260214065038_AddUserPreferences'.&#xD;
info: Microsoft.EntityFrameworkCore.Migrations[20411]&#xD;
      Acquiring an exclusive lock for migration application. See https://aka.ms/efcore-docs-migrations-lock for more information if this takes too long.&#xD;
info: Microsoft.EntityFrameworkCore.Migrations[20402]&#xD;
      Applying migration '20260222071447_AddServerUrlToSettings'.&#xD;
info: Microsoft.EntityFrameworkCore.Migrations[20411]&#xD;
      Acquiring an exclusive lock for migration application. See https://aka.ms/efcore-docs-migrations-lock for more information if this takes too long.&#xD;
info: Microsoft.EntityFrameworkCore.Migrations[20402]&#xD;
      Applying migration '20260222195527_MakePublicBaseUrlNonNullable'.&#xD;
info: Microsoft.EntityFrameworkCore.Migrations[20411]&#xD;
      Acquiring an exclusive lock for migration application. See https://aka.ms/efcore-docs-migrations-lock for more information if this takes too long.&#xD;
info: Microsoft.EntityFrameworkCore.Migrations[20402]&#xD;
      Applying migration '20260225182243_AddEncryptedFileLargePreviewHash'.&#xD;
info: Microsoft.EntityFrameworkCore.Migrations[20411]&#xD;
      Acquiring an exclusive lock for migration application. See https://aka.ms/efcore-docs-migrations-lock for more information if this takes too long.&#xD;
info: Microsoft.EntityFrameworkCore.Migrations[20402]&#xD;
      Applying migration '20260225183216_RemoveEncryptedPreviewHashColumns'.&#xD;
info: Microsoft.EntityFrameworkCore.Migrations[20411]&#xD;
      Acquiring an exclusive lock for migration application. See https://aka.ms/efcore-docs-migrations-lock for more information if this takes too long.&#xD;
info: Microsoft.EntityFrameworkCore.Migrations[20402]&#xD;
      Applying migration '20260225190042_AddEncryptedPreviewHashColumns'.&#xD;
info: Microsoft.EntityFrameworkCore.Migrations[20411]&#xD;
      Acquiring an exclusive lock for migration application. See https://aka.ms/efcore-docs-migrations-lock for more information if this takes too long.&#xD;
info: Microsoft.EntityFrameworkCore.Migrations[20402]&#xD;
      Applying migration '20260227004821_RemoveImportSources'.&#xD;
info: Microsoft.EntityFrameworkCore.Migrations[20411]&#xD;
      Acquiring an exclusive lock for migration application. See https://aka.ms/efcore-docs-migrations-lock for more information if this takes too long.&#xD;
info: Microsoft.EntityFrameworkCore.Migrations[20402]&#xD;
      Applying migration '20260301003754_RemoveSmallFilePreviewHash'.&#xD;
info: Microsoft.EntityFrameworkCore.Migrations[20411]&#xD;
      Acquiring an exclusive lock for migration application. See https://aka.ms/efcore-docs-migrations-lock for more information if this takes too long.&#xD;
info: Microsoft.EntityFrameworkCore.Migrations[20402]&#xD;
      Applying migration '20260301003855_AddSmallFilePreviewHashEncryptedAndSmallFilePreviewHash'.&#xD;
info: Microsoft.EntityFrameworkCore.Migrations[20411]&#xD;
      Acquiring an exclusive lock for migration application. See https://aka.ms/efcore-docs-migrations-lock for more information if this takes too long.&#xD;
info: Microsoft.EntityFrameworkCore.Migrations[20402]&#xD;
      Applying migration '20260304054403_AddNodeShareTokens'.&#xD;
info: Microsoft.EntityFrameworkCore.Migrations[20411]&#xD;
      Acquiring an exclusive lock for migration application. See https://aka.ms/efcore-docs-migrations-lock for more information if this takes too long.&#xD;
info: Microsoft.EntityFrameworkCore.Migrations[20402]&#xD;
      Applying migration '20260415162938_AddAppVersions'.&#xD;
info: Microsoft.EntityFrameworkCore.Migrations[20411]&#xD;
      Acquiring an exclusive lock for migration application. See https://aka.ms/efcore-docs-migrations-lock for more information if this takes too long.&#xD;
info: Microsoft.EntityFrameworkCore.Migrations[20402]&#xD;
      Applying migration '20260421040421_AddChunkStoredSizeBytes'.&#xD;
info: Microsoft.EntityFrameworkCore.Migrations[20411]&#xD;
      Acquiring an exclusive lock for migration application. See https://aka.ms/efcore-docs-migrations-lock for more information if this takes too long.&#xD;
info: Microsoft.EntityFrameworkCore.Migrations[20402]&#xD;
      Applying migration '20260421040457_RenamePlainSizeBytes'.&#xD;
info: Microsoft.EntityFrameworkCore.Migrations[20411]&#xD;
      Acquiring an exclusive lock for migration application. See https://aka.ms/efcore-docs-migrations-lock for more information if this takes too long.&#xD;
info: Microsoft.EntityFrameworkCore.Migrations[20402]&#xD;
      Applying migration '20260421045328_AddChunkIndexes'.&#xD;
info: Microsoft.EntityFrameworkCore.Migrations[20411]&#xD;
      Acquiring an exclusive lock for migration application. See https://aka.ms/efcore-docs-migrations-lock for more information if this takes too long.&#xD;
info: Microsoft.EntityFrameworkCore.Migrations[20402]&#xD;
      Applying migration '20260422031339_AddUserAvatar'.&#xD;
info: Microsoft.EntityFrameworkCore.Migrations[20411]&#xD;
      Acquiring an exclusive lock for migration application. See https://aka.ms/efcore-docs-migrations-lock for more information if this takes too long.&#xD;
info: Microsoft.EntityFrameworkCore.Migrations[20402]&#xD;
      Applying migration '20260423061540_AddOidcSettings'.&#xD;
info: Microsoft.EntityFrameworkCore.Migrations[20411]&#xD;
      Acquiring an exclusive lock for migration application. See https://aka.ms/efcore-docs-migrations-lock for more information if this takes too long.&#xD;
info: Microsoft.EntityFrameworkCore.Migrations[20402]&#xD;
      Applying migration '20260423062338_AddCloudServicesTokenEncrypted'.&#xD;
info: Microsoft.EntityFrameworkCore.Migrations[20411]&#xD;
      Acquiring an exclusive lock for migration application. See https://aka.ms/efcore-docs-migrations-lock for more information if this takes too long.&#xD;
info: Microsoft.EntityFrameworkCore.DbContext[0]&#xD;
      Migrations applied.&#xD;
info: Microsoft.Hosting.Lifetime[0]&#xD;
      Application started. Press Ctrl+C to shut down.&#xD;
info: Microsoft.Hosting.Lifetime[0]&#xD;
      Hosting environment: IntegrationTests&#xD;
info: Microsoft.Hosting.Lifetime[0]&#xD;
      Content root path: X:\Github\cotton\src\Cotton.Server&#xD;
info: Cotton.Server.Controllers.AuthController[0]&#xD;
      Created initial admin user: testuser&#xD;
fail: Microsoft.AspNetCore.Diagnostics.ExceptionHandlerMiddleware[1]&#xD;
      An unhandled exception has occurred while executing the request.&#xD;
      EasyExtensions.AspNetCore.Exceptions.BadRequestException: Bad request&#xD;
         at Cotton.Server.Handlers.Server.CreateInitialServerSettingsRequestHandler.Handle(CreateInitialServerSettingsRequest request, CancellationToken cancellationToken) in X:\Github\cotton\src\Cotton.Server\Handlers\Server\CreateInitialServerSettingsRequest.cs:line 28&#xD;
         at EasyExtensions.Mediator.Wrappers.RequestHandlerWrapperImpl`1.&lt;&gt;c__DisplayClass1_0.&lt;&lt;Handle&gt;g__Handler|0&gt;d.MoveNext()&#xD;
      --- End of stack trace from previous location ---&#xD;
         at Cotton.Server.Controllers.ServerController.CreateSettings(InitialServerSettingsRequestDto request, CancellationToken cancellationToken) in X:\Github\cotton\src\Cotton.Server\Controllers\ServerController.cs:line 50&#xD;
         at Microsoft.AspNetCore.Mvc.Infrastructure.ActionMethodExecutor.TaskOfIActionResultExecutor.Execute(ActionContext actionContext, IActionResultTypeMapper mapper, ObjectMethodExecutor executor, Object controller, Object[] arguments)&#xD;
         at Microsoft.AspNetCore.Mvc.Infrastructure.ControllerActionInvoker.&lt;InvokeActionMethodAsync&gt;g__Awaited|12_0(ControllerActionInvoker invoker, ValueTask`1 actionResultValueTask)&#xD;
         at Microsoft.AspNetCore.Mvc.Infrastructure.ControllerActionInvoker.&lt;InvokeNextActionFilterAsync&gt;g__Awaited|10_0(ControllerActionInvoker invoker, Task lastTask, State next, Scope scope, Object state, Boolean isCompleted)&#xD;
         at Microsoft.AspNetCore.Mvc.Infrastructure.ControllerActionInvoker.Rethrow(ActionExecutedContextSealed context)&#xD;
         at Microsoft.AspNetCore.Mvc.Infrastructure.ControllerActionInvoker.Next(State&amp; next, Scope&amp; scope, Object&amp; state, Boolean&amp; isCompleted)&#xD;
         at Microsoft.AspNetCore.Mvc.Infrastructure.ControllerActionInvoker.InvokeInnerFilterAsync()&#xD;
      --- End of stack trace from previous location ---&#xD;
         at Microsoft.AspNetCore.Mvc.Infrastructure.ResourceInvoker.&lt;InvokeFilterPipelineAsync&gt;g__Awaited|20_0(ResourceInvoker invoker, Task lastTask, State next, Scope scope, Object state, Boolean isCompleted)&#xD;
         at Microsoft.AspNetCore.Mvc.Infrastructure.ResourceInvoker.&lt;InvokeAsync&gt;g__Awaited|17_0(ResourceInvoker invoker, Task task, IDisposable scope)&#xD;
         at Microsoft.AspNetCore.Mvc.Infrastructure.ResourceInvoker.&lt;InvokeAsync&gt;g__Awaited|17_0(ResourceInvoker invoker, Task task, IDisposable scope)&#xD;
         at Microsoft.AspNetCore.Diagnostics.ExceptionHandlerMiddlewareImpl.&lt;Invoke&gt;g__Awaited|10_0(ExceptionHandlerMiddlewareImpl middleware, HttpContext context, Task task)&#xD;
info: Microsoft.Hosting.Lifetime[0]&#xD;
      Application is shutting down...</StdOut>
        <ErrorInfo>
          <Message>  Assert.That(payload, Does.Contain(expectedText))&#xD;
  Expected: String containing "EmailConfig must be provided when using Custom email service."&#xD;
  But was:  "{"type":"https://tools.ietf.org/html/rfc7231#section-6.5.1","title":"Bad Request","status":400,"detail":"Bad request","instance":"/api/v1/server/settings","traceId":"0HNL33EKPNG35"}"&#xD;
</Message>
          <StackTrace>   at Cotton.Server.IntegrationTests.StartupLifecycleChainTests.AssertBadRequestContainsAsync(HttpResponseMessage response, String expectedText) in X:\Github\cotton\src\Cotton.Server.IntegrationTests\StartupLifecycleChainTests.cs:line 280&#xD;
   at Cotton.Server.IntegrationTests.StartupLifecycleChainTests.CreateInitialSettings_Rejects_CustomEmail_WithoutEmailConfig() in X:\Github\cotton\src\Cotton.Server.IntegrationTests\StartupLifecycleChainTests.cs:line 173&#xD;
   at NUnit.Framework.Internal.TaskAwaitAdapter.GenericAdapter`1.BlockUntilCompleted()&#xD;
   at NUnit.Framework.Internal.MessagePumpStrategy.NoMessagePumpStrategy.WaitForCompletion(AwaitAdapter awaiter)&#xD;
   at NUnit.Framework.Internal.AsyncToSyncAdapter.Await[TResult](TestExecutionContext context, Func`1 invoke)&#xD;
   at NUnit.Framework.Internal.AsyncToSyncAdapter.Await(TestExecutionContext context, Func`1 invoke)&#xD;
   at NUnit.Framework.Internal.Commands.TestMethodCommand.RunTestMethod(TestExecutionContext context)&#xD;
   at NUnit.Framework.Internal.Commands.TestMethodCommand.Execute(TestExecutionContext context)&#xD;
   at NUnit.Framework.Internal.Commands.BeforeAndAfterTestCommand.&lt;&gt;c__DisplayClass1_0.&lt;Execute&gt;b__0()&#xD;
   at NUnit.Framework.Internal.Commands.DelegatingTestCommand.RunTestMethodInThreadAbortSafeZone(TestExecutionContext context, Action action)&#xD;

1)    at Cotton.Server.IntegrationTests.StartupLifecycleChainTests.AssertBadRequestContainsAsync(HttpResponseMessage response, String expectedText) in X:\Github\cotton\src\Cotton.Server.IntegrationTests\StartupLifecycleChainTests.cs:line 280&#xD;
   at System.Runtime.CompilerServices.AsyncMethodBuilderCore.Start[TStateMachine](TStateMachine&amp; stateMachine)&#xD;
   at Cotton.Server.IntegrationTests.StartupLifecycleChainTests.AssertBadRequestContainsAsync(HttpResponseMessage response, String expectedText)&#xD;
   at Cotton.Server.IntegrationTests.StartupLifecycleChainTests.CreateInitialSettings_Rejects_CustomEmail_WithoutEmailConfig() in X:\Github\cotton\src\Cotton.Server.IntegrationTests\StartupLifecycleChainTests.cs:line 173&#xD;

</StackTrace>
        </ErrorInfo>
      </Output>
    </UnitTestResult>
    <UnitTestResult executionId="e2e27024-e59c-4a96-a054-12eef038fda2" testId="3cd167e4-af8e-48e6-450e-f55234063cb5" testName="InitialSettings_SetupFlag_Transitions_FromFalse_ToTrue" computerName="VADIM-PC" duration="00:00:02.6664850" startTime="2026-04-25T15:40:44.2263546-07:00" endTime="2026-04-25T15:40:46.8928395-07:00" testType="13cdc9d9-ddb5-4fa4-a97d-d965ccfc6d4b" outcome="Passed" testListId="8c84fa94-04c1-424b-9868-57a2d4851a1d" relativeResultsDirectory="e2e27024-e59c-4a96-a054-12eef038fda2">
      <Output>
        <StdOut>warn: Microsoft.AspNetCore.StaticFiles.StaticFileMiddleware[16]&#xD;
      The WebRootPath was not found: X:\Github\cotton\src\Cotton.Server\wwwroot. Static files may be unavailable.&#xD;
warn: Microsoft.AspNetCore.StaticFiles.StaticFileMiddleware[16]&#xD;
      The WebRootPath was not found: X:\Github\cotton\src\Cotton.Server\wwwroot. Static files may be unavailable.&#xD;
fail: Microsoft.EntityFrameworkCore.Database.Command[20102]&#xD;
      Failed executing DbCommand (0ms) [Parameters=[], CommandType='Text', CommandTimeout='60']&#xD;
      SELECT "MigrationId", "ProductVersion"&#xD;
      FROM "__EFMigrationsHistory"&#xD;
      ORDER BY "MigrationId";&#xD;
info: Microsoft.EntityFrameworkCore.DbContext[0]&#xD;
      Applying migration 20260102064107_Initial.&#xD;
info: Microsoft.EntityFrameworkCore.DbContext[0]&#xD;
      Applying migration 20260103053524_AddDownloadTokens.&#xD;
info: Microsoft.EntityFrameworkCore.DbContext[0]&#xD;
      Applying migration 20260107231729_AddPreviewImageHashes.&#xD;
info: Microsoft.EntityFrameworkCore.DbContext[0]&#xD;
      Applying migration 20260108175756_AddPreviewOwnershipValidation.&#xD;
info: Microsoft.EntityFrameworkCore.DbContext[0]&#xD;
      Applying migration 20260109053928_ChangeFileManifestContentTypeToCiText.&#xD;
info: Microsoft.EntityFrameworkCore.DbContext[0]&#xD;
      Applying migration 20260110065155_AddEncryptedFilePreviewHashes.&#xD;
info: Microsoft.EntityFrameworkCore.DbContext[0]&#xD;
      Applying migration 20260117235145_AddDownloadTokenDeleteAfterUse.&#xD;
info: Microsoft.EntityFrameworkCore.DbContext[0]&#xD;
      Applying migration 20260118005931_AddNodeInterfaceLayoutType.&#xD;
info: Microsoft.EntityFrameworkCore.DbContext[0]&#xD;
      Applying migration 20260119010519_AddTotpUserFields.&#xD;
info: Microsoft.EntityFrameworkCore.DbContext[0]&#xD;
      Applying migration 20260119015802_AddTotpFailedAttempts.&#xD;
info: Microsoft.EntityFrameworkCore.DbContext[0]&#xD;
      Applying migration 20260119213137_ChangeRefreshTokenToExtendedRefreshToken.&#xD;
info: Microsoft.EntityFrameworkCore.DbContext[0]&#xD;
      Applying migration 20260119231832_AddSessionId.&#xD;
info: Microsoft.EntityFrameworkCore.DbContext[0]&#xD;
      Applying migration 20260120043352_AddPreviewGenerationError.&#xD;
info: Microsoft.EntityFrameworkCore.DbContext[0]&#xD;
      Applying migration 20260120195224_AddChunkGCScheduledAfter.&#xD;
info: Microsoft.EntityFrameworkCore.DbContext[0]&#xD;
      Applying migration 20260120214737_AddCascadeRestrictions.&#xD;
info: Microsoft.EntityFrameworkCore.DbContext[0]&#xD;
      Applying migration 20260126033853_RemoveInterfaceLayoutType.&#xD;
info: Microsoft.EntityFrameworkCore.DbContext[0]&#xD;
      Applying migration 20260129204019_AddWebDavTokenPhc.&#xD;
info: Microsoft.EntityFrameworkCore.DbContext[0]&#xD;
      Applying migration 20260202035108_MakeDownloadTokensUnique.&#xD;
info: Microsoft.EntityFrameworkCore.DbContext[0]&#xD;
      Applying migration 20260207232339_RemoveDownloadTokens.&#xD;
info: Microsoft.EntityFrameworkCore.DbContext[0]&#xD;
      Applying migration 20260207232353_AddDownloadTokenFileName.&#xD;
info: Microsoft.EntityFrameworkCore.DbContext[0]&#xD;
      Applying migration 20260208062226_ChangeDownloadTokenRelationToNodeFile.&#xD;
info: Microsoft.EntityFrameworkCore.DbContext[0]&#xD;
      Applying migration 20260209043535_AddUserEmail.&#xD;
info: Microsoft.EntityFrameworkCore.DbContext[0]&#xD;
      Applying migration 20260210183506_AddNotifications.&#xD;
info: Microsoft.EntityFrameworkCore.DbContext[0]&#xD;
      Applying migration 20260210183946_AddIsEmailVerified.&#xD;
info: Microsoft.EntityFrameworkCore.DbContext[0]&#xD;
      Applying migration 20260210184237_AddEmailVerificationTokenAndPasswordResetToken.&#xD;
info: Microsoft.EntityFrameworkCore.DbContext[0]&#xD;
      Applying migration 20260210200148_AddUserTokenTimestamps.&#xD;
info: Microsoft.EntityFrameworkCore.DbContext[0]&#xD;
      Applying migration 20260211071402_AddTokenIsTrusted.&#xD;
info: Microsoft.EntityFrameworkCore.DbContext[0]&#xD;
      Applying migration 20260211174215_AddUserFirstLastNameAndDoB.&#xD;
info: Microsoft.EntityFrameworkCore.DbContext[0]&#xD;
      Applying migration 20260214065038_AddUserPreferences.&#xD;
info: Microsoft.EntityFrameworkCore.DbContext[0]&#xD;
      Applying migration 20260222071447_AddServerUrlToSettings.&#xD;
info: Microsoft.EntityFrameworkCore.DbContext[0]&#xD;
      Applying migration 20260222195527_MakePublicBaseUrlNonNullable.&#xD;
info: Microsoft.EntityFrameworkCore.DbContext[0]&#xD;
      Applying migration 20260225182243_AddEncryptedFileLargePreviewHash.&#xD;
info: Microsoft.EntityFrameworkCore.DbContext[0]&#xD;
      Applying migration 20260225183216_RemoveEncryptedPreviewHashColumns.&#xD;
info: Microsoft.EntityFrameworkCore.DbContext[0]&#xD;
      Applying migration 20260225190042_AddEncryptedPreviewHashColumns.&#xD;
info: Microsoft.EntityFrameworkCore.DbContext[0]&#xD;
      Applying migration 20260227004821_RemoveImportSources.&#xD;
info: Microsoft.EntityFrameworkCore.DbContext[0]&#xD;
      Applying migration 20260301003754_RemoveSmallFilePreviewHash.&#xD;
info: Microsoft.EntityFrameworkCore.DbContext[0]&#xD;
      Applying migration 20260301003855_AddSmallFilePreviewHashEncryptedAndSmallFilePreviewHash.&#xD;
info: Microsoft.EntityFrameworkCore.DbContext[0]&#xD;
      Applying migration 20260304054403_AddNodeShareTokens.&#xD;
info: Microsoft.EntityFrameworkCore.DbContext[0]&#xD;
      Applying migration 20260415162938_AddAppVersions.&#xD;
info: Microsoft.EntityFrameworkCore.DbContext[0]&#xD;
      Applying migration 20260421040421_AddChunkStoredSizeBytes.&#xD;
info: Microsoft.EntityFrameworkCore.DbContext[0]&#xD;
      Applying migration 20260421040457_RenamePlainSizeBytes.&#xD;
info: Microsoft.EntityFrameworkCore.DbContext[0]&#xD;
      Applying migration 20260421045328_AddChunkIndexes.&#xD;
info: Microsoft.EntityFrameworkCore.DbContext[0]&#xD;
      Applying migration 20260422031339_AddUserAvatar.&#xD;
info: Microsoft.EntityFrameworkCore.DbContext[0]&#xD;
      Applying migration 20260423061540_AddOidcSettings.&#xD;
info: Microsoft.EntityFrameworkCore.DbContext[0]&#xD;
      Applying migration 20260423062338_AddCloudServicesTokenEncrypted.&#xD;
fail: Microsoft.EntityFrameworkCore.Database.Command[20102]&#xD;
      Failed executing DbCommand (0ms) [Parameters=[], CommandType='Text', CommandTimeout='60']&#xD;
      SELECT "MigrationId", "ProductVersion"&#xD;
      FROM "__EFMigrationsHistory"&#xD;
      ORDER BY "MigrationId";&#xD;
info: Microsoft.EntityFrameworkCore.Migrations[20411]&#xD;
      Acquiring an exclusive lock for migration application. See https://aka.ms/efcore-docs-migrations-lock for more information if this takes too long.&#xD;
info: Microsoft.EntityFrameworkCore.Migrations[20402]&#xD;
      Applying migration '20260102064107_Initial'.&#xD;
info: Microsoft.EntityFrameworkCore.Migrations[20402]&#xD;
      Applying migration '20260103053524_AddDownloadTokens'.&#xD;
info: Microsoft.EntityFrameworkCore.Migrations[20411]&#xD;
      Acquiring an exclusive lock for migration application. See https://aka.ms/efcore-docs-migrations-lock for more information if this takes too long.&#xD;
info: Microsoft.EntityFrameworkCore.Migrations[20402]&#xD;
      Applying migration '20260107231729_AddPreviewImageHashes'.&#xD;
info: Microsoft.EntityFrameworkCore.Migrations[20411]&#xD;
      Acquiring an exclusive lock for migration application. See https://aka.ms/efcore-docs-migrations-lock for more information if this takes too long.&#xD;
info: Microsoft.EntityFrameworkCore.Migrations[20402]&#xD;
      Applying migration '20260108175756_AddPreviewOwnershipValidation'.&#xD;
info: Microsoft.EntityFrameworkCore.Migrations[20411]&#xD;
      Acquiring an exclusive lock for migration application. See https://aka.ms/efcore-docs-migrations-lock for more information if this takes too long.&#xD;
info: Microsoft.EntityFrameworkCore.Migrations[20402]&#xD;
      Applying migration '20260109053928_ChangeFileManifestContentTypeToCiText'.&#xD;
info: Microsoft.EntityFrameworkCore.Migrations[20411]&#xD;
      Acquiring an exclusive lock for migration application. See https://aka.ms/efcore-docs-migrations-lock for more information if this takes too long.&#xD;
info: Microsoft.EntityFrameworkCore.Migrations[20402]&#xD;
      Applying migration '20260110065155_AddEncryptedFilePreviewHashes'.&#xD;
info: Microsoft.EntityFrameworkCore.Migrations[20411]&#xD;
      Acquiring an exclusive lock for migration application. See https://aka.ms/efcore-docs-migrations-lock for more information if this takes too long.&#xD;
info: Microsoft.EntityFrameworkCore.Migrations[20402]&#xD;
      Applying migration '20260117235145_AddDownloadTokenDeleteAfterUse'.&#xD;
info: Microsoft.EntityFrameworkCore.Migrations[20411]&#xD;
      Acquiring an exclusive lock for migration application. See https://aka.ms/efcore-docs-migrations-lock for more information if this takes too long.&#xD;
info: Microsoft.EntityFrameworkCore.Migrations[20402]&#xD;
      Applying migration '20260118005931_AddNodeInterfaceLayoutType'.&#xD;
info: Microsoft.EntityFrameworkCore.Migrations[20411]&#xD;
      Acquiring an exclusive lock for migration application. See https://aka.ms/efcore-docs-migrations-lock for more information if this takes too long.&#xD;
info: Microsoft.EntityFrameworkCore.Migrations[20402]&#xD;
      Applying migration '20260119010519_AddTotpUserFields'.&#xD;
info: Microsoft.EntityFrameworkCore.Migrations[20411]&#xD;
      Acquiring an exclusive lock for migration application. See https://aka.ms/efcore-docs-migrations-lock for more information if this takes too long.&#xD;
info: Microsoft.EntityFrameworkCore.Migrations[20402]&#xD;
      Applying migration '20260119015802_AddTotpFailedAttempts'.&#xD;
info: Microsoft.EntityFrameworkCore.Migrations[20411]&#xD;
      Acquiring an exclusive lock for migration application. See https://aka.ms/efcore-docs-migrations-lock for more information if this takes too long.&#xD;
info: Microsoft.EntityFrameworkCore.Migrations[20402]&#xD;
      Applying migration '20260119213137_ChangeRefreshTokenToExtendedRefreshToken'.&#xD;
info: Microsoft.EntityFrameworkCore.Migrations[20411]&#xD;
      Acquiring an exclusive lock for migration application. See https://aka.ms/efcore-docs-migrations-lock for more information if this takes too long.&#xD;
info: Microsoft.EntityFrameworkCore.Migrations[20402]&#xD;
      Applying migration '20260119231832_AddSessionId'.&#xD;
info: Microsoft.EntityFrameworkCore.Migrations[20411]&#xD;
      Acquiring an exclusive lock for migration application. See https://aka.ms/efcore-docs-migrations-lock for more information if this takes too long.&#xD;
info: Microsoft.EntityFrameworkCore.Migrations[20402]&#xD;
      Applying migration '20260120043352_AddPreviewGenerationError'.&#xD;
info: Microsoft.EntityFrameworkCore.Migrations[20411]&#xD;
      Acquiring an exclusive lock for migration application. See https://aka.ms/efcore-docs-migrations-lock for more information if this takes too long.&#xD;
info: Microsoft.EntityFrameworkCore.Migrations[20402]&#xD;
      Applying migration '20260120195224_AddChunkGCScheduledAfter'.&#xD;
info: Microsoft.EntityFrameworkCore.Migrations[20411]&#xD;
      Acquiring an exclusive lock for migration application. See https://aka.ms/efcore-docs-migrations-lock for more information if this takes too long.&#xD;
info: Microsoft.EntityFrameworkCore.Migrations[20402]&#xD;
      Applying migration '20260120214737_AddCascadeRestrictions'.&#xD;
info: Microsoft.EntityFrameworkCore.Migrations[20411]&#xD;
      Acquiring an exclusive lock for migration application. See https://aka.ms/efcore-docs-migrations-lock for more information if this takes too long.&#xD;
info: Microsoft.EntityFrameworkCore.Migrations[20402]&#xD;
      Applying migration '20260126033853_RemoveInterfaceLayoutType'.&#xD;
info: Microsoft.EntityFrameworkCore.Migrations[20411]&#xD;
      Acquiring an exclusive lock for migration application. See https://aka.ms/efcore-docs-migrations-lock for more information if this takes too long.&#xD;
info: Microsoft.EntityFrameworkCore.Migrations[20402]&#xD;
      Applying migration '20260129204019_AddWebDavTokenPhc'.&#xD;
info: Microsoft.EntityFrameworkCore.Migrations[20411]&#xD;
      Acquiring an exclusive lock for migration application. See https://aka.ms/efcore-docs-migrations-lock for more information if this takes too long.&#xD;
info: Microsoft.EntityFrameworkCore.Migrations[20402]&#xD;
      Applying migration '20260202035108_MakeDownloadTokensUnique'.&#xD;
info: Microsoft.EntityFrameworkCore.Migrations[20411]&#xD;
      Acquiring an exclusive lock for migration application. See https://aka.ms/efcore-docs-migrations-lock for more information if this takes too long.&#xD;
info: Microsoft.EntityFrameworkCore.Migrations[20402]&#xD;
      Applying migration '20260207232339_RemoveDownloadTokens'.&#xD;
info: Microsoft.EntityFrameworkCore.Migrations[20411]&#xD;
      Acquiring an exclusive lock for migration application. See https://aka.ms/efcore-docs-migrations-lock for more information if this takes too long.&#xD;
info: Microsoft.EntityFrameworkCore.Migrations[20402]&#xD;
      Applying migration '20260207232353_AddDownloadTokenFileName'.&#xD;
info: Microsoft.EntityFrameworkCore.Migrations[20411]&#xD;
      Acquiring an exclusive lock for migration application. See https://aka.ms/efcore-docs-migrations-lock for more information if this takes too long.&#xD;
info: Microsoft.EntityFrameworkCore.Migrations[20402]&#xD;
      Applying migration '20260208062226_ChangeDownloadTokenRelationToNodeFile'.&#xD;
info: Microsoft.EntityFrameworkCore.Migrations[20411]&#xD;
      Acquiring an exclusive lock for migration application. See https://aka.ms/efcore-docs-migrations-lock for more information if this takes too long.&#xD;
info: Microsoft.EntityFrameworkCore.Migrations[20402]&#xD;
      Applying migration '20260209043535_AddUserEmail'.&#xD;
info: Microsoft.EntityFrameworkCore.Migrations[20411]&#xD;
      Acquiring an exclusive lock for migration application. See https://aka.ms/efcore-docs-migrations-lock for more information if this takes too long.&#xD;
info: Microsoft.EntityFrameworkCore.Migrations[20402]&#xD;
      Applying migration '20260210183506_AddNotifications'.&#xD;
info: Microsoft.EntityFrameworkCore.Migrations[20411]&#xD;
      Acquiring an exclusive lock for migration application. See https://aka.ms/efcore-docs-migrations-lock for more information if this takes too long.&#xD;
info: Microsoft.EntityFrameworkCore.Migrations[20402]&#xD;
      Applying migration '20260210183946_AddIsEmailVerified'.&#xD;
info: Microsoft.EntityFrameworkCore.Migrations[20411]&#xD;
      Acquiring an exclusive lock for migration application. See https://aka.ms/efcore-docs-migrations-lock for more information if this takes too long.&#xD;
info: Microsoft.EntityFrameworkCore.Migrations[20402]&#xD;
      Applying migration '20260210184237_AddEmailVerificationTokenAndPasswordResetToken'.&#xD;
info: Microsoft.EntityFrameworkCore.Migrations[20411]&#xD;
      Acquiring an exclusive lock for migration application. See https://aka.ms/efcore-docs-migrations-lock for more information if this takes too long.&#xD;
info: Microsoft.EntityFrameworkCore.Migrations[20402]&#xD;
      Applying migration '20260210200148_AddUserTokenTimestamps'.&#xD;
info: Microsoft.EntityFrameworkCore.Migrations[20411]&#xD;
      Acquiring an exclusive lock for migration application. See https://aka.ms/efcore-docs-migrations-lock for more information if this takes too long.&#xD;
info: Microsoft.EntityFrameworkCore.Migrations[20402]&#xD;
      Applying migration '20260211071402_AddTokenIsTrusted'.&#xD;
info: Microsoft.EntityFrameworkCore.Migrations[20411]&#xD;
      Acquiring an exclusive lock for migration application. See https://aka.ms/efcore-docs-migrations-lock for more information if this takes too long.&#xD;
info: Microsoft.EntityFrameworkCore.Migrations[20402]&#xD;
      Applying migration '20260211174215_AddUserFirstLastNameAndDoB'.&#xD;
info: Microsoft.EntityFrameworkCore.Migrations[20411]&#xD;
      Acquiring an exclusive lock for migration application. See https://aka.ms/efcore-docs-migrations-lock for more information if this takes too long.&#xD;
info: Microsoft.EntityFrameworkCore.Migrations[20402]&#xD;
      Applying migration '20260214065038_AddUserPreferences'.&#xD;
info: Microsoft.EntityFrameworkCore.Migrations[20411]&#xD;
      Acquiring an exclusive lock for migration application. See https://aka.ms/efcore-docs-migrations-lock for more information if this takes too long.&#xD;
info: Microsoft.EntityFrameworkCore.Migrations[20402]&#xD;
      Applying migration '20260222071447_AddServerUrlToSettings'.&#xD;
info: Microsoft.EntityFrameworkCore.Migrations[20411]&#xD;
      Acquiring an exclusive lock for migration application. See https://aka.ms/efcore-docs-migrations-lock for more information if this takes too long.&#xD;
info: Microsoft.EntityFrameworkCore.Migrations[20402]&#xD;
      Applying migration '20260222195527_MakePublicBaseUrlNonNullable'.&#xD;
info: Microsoft.EntityFrameworkCore.Migrations[20411]&#xD;
      Acquiring an exclusive lock for migration application. See https://aka.ms/efcore-docs-migrations-lock for more information if this takes too long.&#xD;
info: Microsoft.EntityFrameworkCore.Migrations[20402]&#xD;
      Applying migration '20260225182243_AddEncryptedFileLargePreviewHash'.&#xD;
info: Microsoft.EntityFrameworkCore.Migrations[20411]&#xD;
      Acquiring an exclusive lock for migration application. See https://aka.ms/efcore-docs-migrations-lock for more information if this takes too long.&#xD;
info: Microsoft.EntityFrameworkCore.Migrations[20402]&#xD;
      Applying migration '20260225183216_RemoveEncryptedPreviewHashColumns'.&#xD;
info: Microsoft.EntityFrameworkCore.Migrations[20411]&#xD;
      Acquiring an exclusive lock for migration application. See https://aka.ms/efcore-docs-migrations-lock for more information if this takes too long.&#xD;
info: Microsoft.EntityFrameworkCore.Migrations[20402]&#xD;
      Applying migration '20260225190042_AddEncryptedPreviewHashColumns'.&#xD;
info: Microsoft.EntityFrameworkCore.Migrations[20411]&#xD;
      Acquiring an exclusive lock for migration application. See https://aka.ms/efcore-docs-migrations-lock for more information if this takes too long.&#xD;
info: Microsoft.EntityFrameworkCore.Migrations[20402]&#xD;
      Applying migration '20260227004821_RemoveImportSources'.&#xD;
info: Microsoft.EntityFrameworkCore.Migrations[20411]&#xD;
      Acquiring an exclusive lock for migration application. See https://aka.ms/efcore-docs-migrations-lock for more information if this takes too long.&#xD;
info: Microsoft.EntityFrameworkCore.Migrations[20402]&#xD;
      Applying migration '20260301003754_RemoveSmallFilePreviewHash'.&#xD;
info: Microsoft.EntityFrameworkCore.Migrations[20411]&#xD;
      Acquiring an exclusive lock for migration application. See https://aka.ms/efcore-docs-migrations-lock for more information if this takes too long.&#xD;
info: Microsoft.EntityFrameworkCore.Migrations[20402]&#xD;
      Applying migration '20260301003855_AddSmallFilePreviewHashEncryptedAndSmallFilePreviewHash'.&#xD;
info: Microsoft.EntityFrameworkCore.Migrations[20411]&#xD;
      Acquiring an exclusive lock for migration application. See https://aka.ms/efcore-docs-migrations-lock for more information if this takes too long.&#xD;
info: Microsoft.EntityFrameworkCore.Migrations[20402]&#xD;
      Applying migration '20260304054403_AddNodeShareTokens'.&#xD;
info: Microsoft.EntityFrameworkCore.Migrations[20411]&#xD;
      Acquiring an exclusive lock for migration application. See https://aka.ms/efcore-docs-migrations-lock for more information if this takes too long.&#xD;
info: Microsoft.EntityFrameworkCore.Migrations[20402]&#xD;
      Applying migration '20260415162938_AddAppVersions'.&#xD;
info: Microsoft.EntityFrameworkCore.Migrations[20411]&#xD;
      Acquiring an exclusive lock for migration application. See https://aka.ms/efcore-docs-migrations-lock for more information if this takes too long.&#xD;
info: Microsoft.EntityFrameworkCore.Migrations[20402]&#xD;
      Applying migration '20260421040421_AddChunkStoredSizeBytes'.&#xD;
info: Microsoft.EntityFrameworkCore.Migrations[20411]&#xD;
      Acquiring an exclusive lock for migration application. See https://aka.ms/efcore-docs-migrations-lock for more information if this takes too long.&#xD;
info: Microsoft.EntityFrameworkCore.Migrations[20402]&#xD;
      Applying migration '20260421040457_RenamePlainSizeBytes'.&#xD;
info: Microsoft.EntityFrameworkCore.Migrations[20411]&#xD;
      Acquiring an exclusive lock for migration application. See https://aka.ms/efcore-docs-migrations-lock for more information if this takes too long.&#xD;
info: Microsoft.EntityFrameworkCore.Migrations[20402]&#xD;
      Applying migration '20260421045328_AddChunkIndexes'.&#xD;
info: Microsoft.EntityFrameworkCore.Migrations[20411]&#xD;
      Acquiring an exclusive lock for migration application. See https://aka.ms/efcore-docs-migrations-lock for more information if this takes too long.&#xD;
info: Microsoft.EntityFrameworkCore.Migrations[20402]&#xD;
      Applying migration '20260422031339_AddUserAvatar'.&#xD;
info: Microsoft.EntityFrameworkCore.Migrations[20411]&#xD;
      Acquiring an exclusive lock for migration application. See https://aka.ms/efcore-docs-migrations-lock for more information if this takes too long.&#xD;
info: Microsoft.EntityFrameworkCore.Migrations[20402]&#xD;
      Applying migration '20260423061540_AddOidcSettings'.&#xD;
info: Microsoft.EntityFrameworkCore.Migrations[20411]&#xD;
      Acquiring an exclusive lock for migration application. See https://aka.ms/efcore-docs-migrations-lock for more information if this takes too long.&#xD;
info: Microsoft.EntityFrameworkCore.Migrations[20402]&#xD;
      Applying migration '20260423062338_AddCloudServicesTokenEncrypted'.&#xD;
info: Microsoft.EntityFrameworkCore.Migrations[20411]&#xD;
      Acquiring an exclusive lock for migration application. See https://aka.ms/efcore-docs-migrations-lock for more information if this takes too long.&#xD;
info: Microsoft.EntityFrameworkCore.DbContext[0]&#xD;
      Migrations applied.&#xD;
info: Microsoft.Hosting.Lifetime[0]&#xD;
      Application started. Press Ctrl+C to shut down.&#xD;
info: Microsoft.Hosting.Lifetime[0]&#xD;
      Hosting environment: IntegrationTests&#xD;
info: Microsoft.Hosting.Lifetime[0]&#xD;
      Content root path: X:\Github\cotton\src\Cotton.Server&#xD;
info: Cotton.Server.Controllers.AuthController[0]&#xD;
      Created initial admin user: testuser&#xD;
info: Microsoft.Hosting.Lifetime[0]&#xD;
      Application is shutting down...</StdOut>
      </Output>
    </UnitTestResult>
    <UnitTestResult executionId="773647ba-929d-413f-bb53-4228b88b1b86" testId="9f548c59-720d-3382-72ff-dedf71e32984" testName="Login_ForUnknownUser_AfterAdminExists_ReturnsUnauthorized" computerName="VADIM-PC" duration="00:00:02.1134500" startTime="2026-04-25T15:40:46.8928806-07:00" endTime="2026-04-25T15:40:49.0063303-07:00" testType="13cdc9d9-ddb5-4fa4-a97d-d965ccfc6d4b" outcome="Passed" testListId="8c84fa94-04c1-424b-9868-57a2d4851a1d" relativeResultsDirectory="773647ba-929d-413f-bb53-4228b88b1b86">
      <Output>
        <StdOut>warn: Microsoft.AspNetCore.StaticFiles.StaticFileMiddleware[16]&#xD;
      The WebRootPath was not found: X:\Github\cotton\src\Cotton.Server\wwwroot. Static files may be unavailable.&#xD;
warn: Microsoft.AspNetCore.StaticFiles.StaticFileMiddleware[16]&#xD;
      The WebRootPath was not found: X:\Github\cotton\src\Cotton.Server\wwwroot. Static files may be unavailable.&#xD;
fail: Microsoft.EntityFrameworkCore.Database.Command[20102]&#xD;
      Failed executing DbCommand (0ms) [Parameters=[], CommandType='Text', CommandTimeout='60']&#xD;
      SELECT "MigrationId", "ProductVersion"&#xD;
      FROM "__EFMigrationsHistory"&#xD;
      ORDER BY "MigrationId";&#xD;
info: Microsoft.EntityFrameworkCore.DbContext[0]&#xD;
      Applying migration 20260102064107_Initial.&#xD;
info: Microsoft.EntityFrameworkCore.DbContext[0]&#xD;
      Applying migration 20260103053524_AddDownloadTokens.&#xD;
info: Microsoft.EntityFrameworkCore.DbContext[0]&#xD;
      Applying migration 20260107231729_AddPreviewImageHashes.&#xD;
info: Microsoft.EntityFrameworkCore.DbContext[0]&#xD;
      Applying migration 20260108175756_AddPreviewOwnershipValidation.&#xD;
info: Microsoft.EntityFrameworkCore.DbContext[0]&#xD;
      Applying migration 20260109053928_ChangeFileManifestContentTypeToCiText.&#xD;
info: Microsoft.EntityFrameworkCore.DbContext[0]&#xD;
      Applying migration 20260110065155_AddEncryptedFilePreviewHashes.&#xD;
info: Microsoft.EntityFrameworkCore.DbContext[0]&#xD;
      Applying migration 20260117235145_AddDownloadTokenDeleteAfterUse.&#xD;
info: Microsoft.EntityFrameworkCore.DbContext[0]&#xD;
[...]
info: Microsoft.EntityFrameworkCore.DbContext[0]&#xD;
      Applying migration 20260207232339_RemoveDownloadTokens.&#xD;
info: Microsoft.EntityFrameworkCore.DbContext[0]&#xD;
      Applying migration 20260207232353_AddDownloadTokenFileName.&#xD;
info: Microsoft.EntityFrameworkCore.DbContext[0]&#xD;
      Applying migration 20260208062226_ChangeDownloadTokenRelationToNodeFile.&#xD;
info: Microsoft.EntityFrameworkCore.DbContext[0]&#xD;
      Applying migration 20260209043535_AddUserEmail.&#xD;
info: Microsoft.EntityFrameworkCore.DbContext[0]&#xD;
      Applying migration 20260210183506_AddNotifications.&#xD;
info: Microsoft.EntityFrameworkCore.DbContext[0]&#xD;
      Applying migration 20260210183946_AddIsEmailVerified.&#xD;
info: Microsoft.EntityFrameworkCore.DbContext[0]&#xD;
      Applying migration 20260210184237_AddEmailVerificationTokenAndPasswordResetToken.&#xD;
info: Microsoft.EntityFrameworkCore.DbContext[0]&#xD;
      Applying migration 20260210200148_AddUserTokenTimestamps.&#xD;
info: Microsoft.EntityFrameworkCore.DbContext[0]&#xD;
      Applying migration 20260211071402_AddTokenIsTrusted.&#xD;
info: Microsoft.EntityFrameworkCore.DbContext[0]&#xD;
      Applying migration 20260211174215_AddUserFirstLastNameAndDoB.&#xD;
info: Microsoft.EntityFrameworkCore.DbContext[0]&#xD;
      Applying migration 20260214065038_AddUserPreferences.&#xD;
info: Microsoft.EntityFrameworkCore.DbContext[0]&#xD;
      Applying migration 20260222071447_AddServerUrlToSettings.&#xD;
info: Microsoft.EntityFrameworkCore.DbContext[0]&#xD;
      Applying migration 20260222195527_MakePublicBaseUrlNonNullable.&#xD;
info: Microsoft.EntityFrameworkCore.DbContext[0]&#xD;
      Applying migration 20260225182243_AddEncryptedFileLargePreviewHash.&#xD;
info: Microsoft.EntityFrameworkCore.DbContext[0]&#xD;
      Applying migration 20260225183216_RemoveEncryptedPreviewHashColumns.&#xD;
info: Microsoft.EntityFrameworkCore.DbContext[0]&#xD;
      Applying migration 20260225190042_AddEncryptedPreviewHashColumns.&#xD;
info: Microsoft.EntityFrameworkCore.DbContext[0]&#xD;
      Applying migration 20260227004821_RemoveImportSources.&#xD;
info: Microsoft.EntityFrameworkCore.DbContext[0]&#xD;
      Applying migration 20260301003754_RemoveSmallFilePreviewHash.&#xD;
info: Microsoft.EntityFrameworkCore.DbContext[0]&#xD;
      Applying migration 20260301003855_AddSmallFilePreviewHashEncryptedAndSmallFilePreviewHash.&#xD;
info: Microsoft.EntityFrameworkCore.DbContext[0]&#xD;
      Applying migration 20260304054403_AddNodeShareTokens.&#xD;
info: Microsoft.EntityFrameworkCore.DbContext[0]&#xD;
      Applying migration 20260415162938_AddAppVersions.&#xD;
info: Microsoft.EntityFrameworkCore.DbContext[0]&#xD;
      Applying migration 20260421040421_AddChunkStoredSizeBytes.&#xD;
info: Microsoft.EntityFrameworkCore.DbContext[0]&#xD;
      Applying migration 20260421040457_RenamePlainSizeBytes.&#xD;
info: Microsoft.EntityFrameworkCore.DbContext[0]&#xD;
      Applying migration 20260421045328_AddChunkIndexes.&#xD;
info: Microsoft.EntityFrameworkCore.DbContext[0]&#xD;
      Applying migration 20260422031339_AddUserAvatar.&#xD;
info: Microsoft.EntityFrameworkCore.DbContext[0]&#xD;
      Applying migration 20260423061540_AddOidcSettings.&#xD;
info: Microsoft.EntityFrameworkCore.DbContext[0]&#xD;
      Applying migration 20260423062338_AddCloudServicesTokenEncrypted.&#xD;
fail: Microsoft.EntityFrameworkCore.Database.Command[20102]&#xD;
      Failed executing DbCommand (0ms) [Parameters=[], CommandType='Text', CommandTimeout='60']&#xD;
      SELECT "MigrationId", "ProductVersion"&#xD;
      FROM "__EFMigrationsHistory"&#xD;
      ORDER BY "MigrationId";&#xD;
info: Microsoft.EntityFrameworkCore.Migrations[20411]&#xD;
      Acquiring an exclusive lock for migration application. See https://aka.ms/efcore-docs-migrations-lock for more information if this takes too long.&#xD;
info: Microsoft.EntityFrameworkCore.Migrations[20402]&#xD;
      Applying migration '20260102064107_Initial'.&#xD;
info: Microsoft.EntityFrameworkCore.Migrations[20402]&#xD;
      Applying migration '20260103053524_AddDownloadTokens'.&#xD;
info: Microsoft.EntityFrameworkCore.Migrations[20411]&#xD;
      Acquiring an exclusive lock for migration application. See https://aka.ms/efcore-docs-migrations-lock for more information if this takes too long.&#xD;
info: Microsoft.EntityFrameworkCore.Migrations[20402]&#xD;
      Applying migration '20260107231729_AddPreviewImageHashes'.&#xD;
info: Microsoft.EntityFrameworkCore.Migrations[20411]&#xD;
      Acquiring an exclusive lock for migration application. See https://aka.ms/efcore-docs-migrations-lock for more information if this takes too long.&#xD;
info: Microsoft.EntityFrameworkCore.Migrations[20402]&#xD;
      Applying migration '20260108175756_AddPreviewOwnershipValidation'.&#xD;
info: Microsoft.EntityFrameworkCore.Migrations[20411]&#xD;
      Acquiring an exclusive lock for migration application. See https://aka.ms/efcore-docs-migrations-lock for more information if this takes too long.&#xD;
info: Microsoft.EntityFrameworkCore.Migrations[20402]&#xD;
      Applying migration '20260109053928_ChangeFileManifestContentTypeToCiText'.&#xD;
info: Microsoft.EntityFrameworkCore.Migrations[20411]&#xD;
      Acquiring an exclusive lock for migration application. See https://aka.ms/efcore-docs-migrations-lock for more information if this takes too long.&#xD;
info: Microsoft.EntityFrameworkCore.Migrations[20402]&#xD;
      Applying migration '20260110065155_AddEncryptedFilePreviewHashes'.&#xD;
info: Microsoft.EntityFrameworkCore.Migrations[20411]&#xD;
      Acquiring an exclusive lock for migration application. See https://aka.ms/efcore-docs-migrations-lock for more information if this takes too long.&#xD;
info: Microsoft.EntityFrameworkCore.Migrations[20402]&#xD;
      Applying migration '20260117235145_AddDownloadTokenDeleteAfterUse'.&#xD;
info: Microsoft.EntityFrameworkCore.Migrations[20411]&#xD;
      Acquiring an exclusive lock for migration application. See https://aka.ms/efcore-docs-migrations-lock for more information if this takes too long.&#xD;
info: Microsoft.EntityFrameworkCore.Migrations[20402]&#xD;
      Applying migration '20260118005931_AddNodeInterfaceLayoutType'.&#xD;
info: Microsoft.EntityFrameworkCore.Migrations[20411]&#xD;
      Acquiring an exclusive lock for migration application. See https://aka.ms/efcore-docs-migrations-lock for more information if this takes too long.&#xD;
info: Microsoft.EntityFrameworkCore.Migrations[20402]&#xD;
      Applying migration '20260119010519_AddTotpUserFields'.&#xD;
info: Microsoft.EntityFrameworkCore.Migrations[20411]&#xD;
      Acquiring an exclusive lock for migration application. See https://aka.ms/efcore-docs-migrations-lock for more information if this takes too long.&#xD;
info: Microsoft.EntityFrameworkCore.Migrations[20402]&#xD;
      Applying migration '20260119015802_AddTotpFailedAttempts'.&#xD;
info: Microsoft.EntityFrameworkCore.Migrations[20411]&#xD;
      Acquiring an exclusive lock for migration application. See https://aka.ms/efcore-docs-migrations-lock for more information if this takes too long.&#xD;
info: Microsoft.EntityFrameworkCore.Migrations[20402]&#xD;
      Applying migration '20260119213137_ChangeRefreshTokenToExtendedRefreshToken'.&#xD;
info: Microsoft.EntityFrameworkCore.Migrations[20411]&#xD;
      Acquiring an exclusive lock for migration application. See https://aka.ms/efcore-docs-migrations-lock for more information if this takes too long.&#xD;
info: Microsoft.EntityFrameworkCore.Migrations[20402]&#xD;
      Applying migration '20260119231832_AddSessionId'.&#xD;
info: Microsoft.EntityFrameworkCore.Migrations[20411]&#xD;
      Acquiring an exclusive lock for migration application. See https://aka.ms/efcore-docs-migrations-lock for more information if this takes too long.&#xD;
info: Microsoft.EntityFrameworkCore.Migrations[20402]&#xD;
      Applying migration '20260120043352_AddPreviewGenerationError'.&#xD;
info: Microsoft.EntityFrameworkCore.Migrations[20411]&#xD;
      Acquiring an exclusive lock for migration application. See https://aka.ms/efcore-docs-migrations-lock for more information if this takes too long.&#xD;
info: Microsoft.EntityFrameworkCore.Migrations[20402]&#xD;
      Applying migration '20260120195224_AddChunkGCScheduledAfter'.&#xD;
info: Microsoft.EntityFrameworkCore.Migrations[20411]&#xD;
      Acquiring an exclusive lock for migration application. See https://aka.ms/efcore-docs-migrations-lock for more information if this takes too long.&#xD;
info: Microsoft.EntityFrameworkCore.Migrations[20402]&#xD;
      Applying migration '20260120214737_AddCascadeRestrictions'.&#xD;
info: Microsoft.EntityFrameworkCore.Migrations[20411]&#xD;
      Acquiring an exclusive lock for migration application. See https://aka.ms/efcore-docs-migrations-lock for more information if this takes too long.&#xD;
info: Microsoft.EntityFrameworkCore.Migrations[20402]&#xD;
      Applying migration '20260126033853_RemoveInterfaceLayoutType'.&#xD;
info: Microsoft.EntityFrameworkCore.Migrations[20411]&#xD;
      Acquiring an exclusive lock for migration application. See https://aka.ms/efcore-docs-migrations-lock for more information if this takes too long.&#xD;
info: Microsoft.EntityFrameworkCore.Migrations[20402]&#xD;
      Applying migration '20260129204019_AddWebDavTokenPhc'.&#xD;
info: Microsoft.EntityFrameworkCore.Migrations[20411]&#xD;
      Acquiring an exclusive lock for migration application. See https://aka.ms/efcore-docs-migrations-lock for more information if this takes too long.&#xD;
info: Microsoft.EntityFrameworkCore.Migrations[20402]&#xD;
      Applying migration '20260202035108_MakeDownloadTokensUnique'.&#xD;
info: Microsoft.EntityFrameworkCore.Migrations[20411]&#xD;
      Acquiring an exclusive lock for migration application. See https://aka.ms/efcore-docs-migrations-lock for more information if this takes too long.&#xD;
info: Microsoft.EntityFrameworkCore.Migrations[20402]&#xD;
      Applying migration '20260207232339_RemoveDownloadTokens'.&#xD;
info: Microsoft.EntityFrameworkCore.Migrations[20411]&#xD;
      Acquiring an exclusive lock for migration application. See https://aka.ms/efcore-docs-migrations-lock for more information if this takes too long.&#xD;
info: Microsoft.EntityFrameworkCore.Migrations[20402]&#xD;
      Applying migration '20260207232353_AddDownloadTokenFileName'.&#xD;
info: Microsoft.EntityFrameworkCore.Migrations[20411]&#xD;
      Acquiring an exclusive lock for migration application. See https://aka.ms/efcore-docs-migrations-lock for more information if this takes too long.&#xD;
info: Microsoft.EntityFrameworkCore.Migrations[20402]&#xD;
      Applying migration '20260208062226_ChangeDownloadTokenRelationToNodeFile'.&#xD;
info: Microsoft.EntityFrameworkCore.Migrations[20411]&#xD;
      Acquiring an exclusive lock for migration application. See https://aka.ms/efcore-docs-migrations-lock for more information if this takes too long.&#xD;
info: Microsoft.EntityFrameworkCore.Migrations[20402]&#xD;
      Applying migration '20260209043535_AddUserEmail'.&#xD;
info: Microsoft.EntityFrameworkCore.Migrations[20411]&#xD;
      Acquiring an exclusive lock for migration application. See https://aka.ms/efcore-docs-migrations-lock for more information if this takes too long.&#xD;
info: Microsoft.EntityFrameworkCore.Migrations[20402]&#xD;
      Applying migration '20260210183506_AddNotifications'.&#xD;
info: Microsoft.EntityFrameworkCore.Migrations[20411]&#xD;
      Acquiring an exclusive lock for migration application. See https://aka.ms/efcore-docs-migrations-lock for more information if this takes too long.&#xD;
info: Microsoft.EntityFrameworkCore.Migrations[20402]&#xD;
      Applying migration '20260210183946_AddIsEmailVerified'.&#xD;
info: Microsoft.EntityFrameworkCore.Migrations[20411]&#xD;
      Acquiring an exclusive lock for migration application. See https://aka.ms/efcore-docs-migrations-lock for more information if this takes too long.&#xD;
info: Microsoft.EntityFrameworkCore.Migrations[20402]&#xD;
      Applying migration '20260210184237_AddEmailVerificationTokenAndPasswordResetToken'.&#xD;
info: Microsoft.EntityFrameworkCore.Migrations[20411]&#xD;
      Acquiring an exclusive lock for migration application. See https://aka.ms/efcore-docs-migrations-lock for more information if this takes too long.&#xD;
info: Microsoft.EntityFrameworkCore.Migrations[20402]&#xD;
      Applying migration '20260210200148_AddUserTokenTimestamps'.&#xD;
info: Microsoft.EntityFrameworkCore.Migrations[20411]&#xD;
      Acquiring an exclusive lock for migration application. See https://aka.ms/efcore-docs-migrations-lock for more information if this takes too long.&#xD;
info: Microsoft.EntityFrameworkCore.Migrations[20402]&#xD;
      Applying migration '20260211071402_AddTokenIsTrusted'.&#xD;
info: Microsoft.EntityFrameworkCore.Migrations[20411]&#xD;
      Acquiring an exclusive lock for migration application. See https://aka.ms/efcore-docs-migrations-lock for more information if this takes too long.&#xD;
info: Microsoft.EntityFrameworkCore.Migrations[20402]&#xD;
      Applying migration '20260211174215_AddUserFirstLastNameAndDoB'.&#xD;
info: Microsoft.EntityFrameworkCore.Migrations[20411]&#xD;
      Acquiring an exclusive lock for migration application. See https://aka.ms/efcore-docs-migrations-lock for more information if this takes too long.&#xD;
info: Microsoft.EntityFrameworkCore.Migrations[20402]&#xD;
      Applying migration '20260214065038_AddUserPreferences'.&#xD;
info: Microsoft.EntityFrameworkCore.Migrations[20411]&#xD;
      Acquiring an exclusive lock for migration application. See https://aka.ms/efcore-docs-migrations-lock for more information if this takes too long.&#xD;
info: Microsoft.EntityFrameworkCore.Migrations[20402]&#xD;
      Applying migration '20260222071447_AddServerUrlToSettings'.&#xD;
info: Microsoft.EntityFrameworkCore.Migrations[20411]&#xD;
      Acquiring an exclusive lock for migration application. See https://aka.ms/efcore-docs-migrations-lock for more information if this takes too long.&#xD;
info: Microsoft.EntityFrameworkCore.Migrations[20402]&#xD;
      Applying migration '20260222195527_MakePublicBaseUrlNonNullable'.&#xD;
info: Microsoft.EntityFrameworkCore.Migrations[20411]&#xD;
      Acquiring an exclusive lock for migration application. See https://aka.ms/efcore-docs-migrations-lock for more information if this takes too long.&#xD;
info: Microsoft.EntityFrameworkCore.Migrations[20402]&#xD;
      Applying migration '20260225182243_AddEncryptedFileLargePreviewHash'.&#xD;
info: Microsoft.EntityFrameworkCore.Migrations[20411]&#xD;
      Acquiring an exclusive lock for migration application. See https://aka.ms/efcore-docs-migrations-lock for more information if this takes too long.&#xD;
info: Microsoft.EntityFrameworkCore.Migrations[20402]&#xD;
      Applying migration '20260225183216_RemoveEncryptedPreviewHashColumns'.&#xD;
info: Microsoft.EntityFrameworkCore.Migrations[20411]&#xD;
      Acquiring an exclusive lock for migration application. See https://aka.ms/efcore-docs-migrations-lock for more information if this takes too long.&#xD;
info: Microsoft.EntityFrameworkCore.Migrations[20402]&#xD;
      Applying migration '20260225190042_AddEncryptedPreviewHashColumns'.&#xD;
info: Microsoft.EntityFrameworkCore.Migrations[20411]&#xD;
      Acquiring an exclusive lock for migration application. See https://aka.ms/efcore-docs-migrations-lock for more information if this takes too long.&#xD;
info: Microsoft.EntityFrameworkCore.Migrations[20402]&#xD;
      Applying migration '20260227004821_RemoveImportSources'.&#xD;
info: Microsoft.EntityFrameworkCore.Migrations[20411]&#xD;
      Acquiring an exclusive lock for migration application. See https://aka.ms/efcore-docs-migrations-lock for more information if this takes too long.&#xD;
info: Microsoft.EntityFrameworkCore.Migrations[20402]&#xD;
      Applying migration '20260301003754_RemoveSmallFilePreviewHash'.&#xD;
info: Microsoft.EntityFrameworkCore.Migrations[20411]&#xD;
      Acquiring an exclusive lock for migration application. See https://aka.ms/efcore-docs-migrations-lock for more information if this takes too long.&#xD;
info: Microsoft.EntityFrameworkCore.Migrations[20402]&#xD;
      Applying migration '20260301003855_AddSmallFilePreviewHashEncryptedAndSmallFilePreviewHash'.&#xD;
info: Microsoft.EntityFrameworkCore.Migrations[20411]&#xD;
      Acquiring an exclusive lock for migration application. See https://aka.ms/efcore-docs-migrations-lock for more information if this takes too long.&#xD;
info: Microsoft.EntityFrameworkCore.Migrations[20402]&#xD;
      Applying migration '20260304054403_AddNodeShareTokens'.&#xD;
info: Microsoft.EntityFrameworkCore.Migrations[20411]&#xD;
      Acquiring an exclusive lock for migration application. See https://aka.ms/efcore-docs-migrations-lock for more information if this takes too long.&#xD;
info: Microsoft.EntityFrameworkCore.Migrations[20402]&#xD;
      Applying migration '20260415162938_AddAppVersions'.&#xD;
info: Microsoft.EntityFrameworkCore.Migrations[20411]&#xD;
      Acquiring an exclusive lock for migration application. See https://aka.ms/efcore-docs-migrations-lock for more information if this takes too long.&#xD;
info: Microsoft.EntityFrameworkCore.Migrations[20402]&#xD;
      Applying migration '20260421040421_AddChunkStoredSizeBytes'.&#xD;
info: Microsoft.EntityFrameworkCore.Migrations[20411]&#xD;
      Acquiring an exclusive lock for migration application. See https://aka.ms/efcore-docs-migrations-lock for more information if this takes too long.&#xD;
info: Microsoft.EntityFrameworkCore.Migrations[20402]&#xD;
      Applying migration '20260421040457_RenamePlainSizeBytes'.&#xD;
info: Microsoft.EntityFrameworkCore.Migrations[20411]&#xD;
      Acquiring an exclusive lock for migration application. See https://aka.ms/efcore-docs-migrations-lock for more information if this takes too long.&#xD;
info: Microsoft.EntityFrameworkCore.Migrations[20402]&#xD;
      Applying migration '20260421045328_AddChunkIndexes'.&#xD;
info: Microsoft.EntityFrameworkCore.Migrations[20411]&#xD;
      Acquiring an exclusive lock for migration application. See https://aka.ms/efcore-docs-migrations-lock for more information if this takes too long.&#xD;
info: Microsoft.EntityFrameworkCore.Migrations[20402]&#xD;
      Applying migration '20260422031339_AddUserAvatar'.&#xD;
info: Microsoft.EntityFrameworkCore.Migrations[20411]&#xD;
      Acquiring an exclusive lock for migration application. See https://aka.ms/efcore-docs-migrations-lock for more information if this takes too long.&#xD;
info: Microsoft.EntityFrameworkCore.Migrations[20402]&#xD;
      Applying migration '20260423061540_AddOidcSettings'.&#xD;
info: Microsoft.EntityFrameworkCore.Migrations[20411]&#xD;
      Acquiring an exclusive lock for migration application. See https://aka.ms/efcore-docs-migrations-lock for more information if this takes too long.&#xD;
info: Microsoft.EntityFrameworkCore.Migrations[20402]&#xD;
      Applying migration '20260423062338_AddCloudServicesTokenEncrypted'.&#xD;
info: Microsoft.EntityFrameworkCore.Migrations[20411]&#xD;
      Acquiring an exclusive lock for migration application. See https://aka.ms/efcore-docs-migrations-lock for more information if this takes too long.&#xD;
info: Microsoft.EntityFrameworkCore.DbContext[0]&#xD;
      Migrations applied.&#xD;
info: Microsoft.Hosting.Lifetime[0]&#xD;
      Application started. Press Ctrl+C to shut down.&#xD;
info: Microsoft.Hosting.Lifetime[0]&#xD;
      Hosting environment: IntegrationTests&#xD;
info: Microsoft.Hosting.Lifetime[0]&#xD;
      Content root path: X:\Github\cotton\src\Cotton.Server&#xD;
info: Microsoft.Hosting.Lifetime[0]&#xD;
      Application is shutting down...&#xD;
&#xD;
NUnit Adapter 6.1.0.0: Test execution complete&#xD;
</StdOut>
    </Output>
  </ResultSummary>
</TestRun>